2	PC	PC	0.990	0.990
2	ATC	NATC	0.973	0.007
2	PC	PC	0.998	0.998
2	AC	AC	0.545	0.545
2	CADVC	TADVC	0.283	0.061
2	CMBS	CMPADVC	0.481	0.025
2	CMPADVC	PADVC	0.976	0.011
2	AC	AC	0.463	0.463
2	TADVC	ATC	0.684	0.311
2	RADVC	MNRADVC	0.974	0.016
2	ATC	ATC	0.767	0.767
2	NATC	ATC	0.949	0.027
2	CCSADVC	CCSADVC	0.735	0.735
2	PC	RADVC	0.446	0.008
2	PC	RADVC	0.662	0.074
2	CCSADVC	CCSADVC	0.998	0.998
2	CMPADVC	PADVC	0.947	0.017
2	ATC	NATC	0.984	0.016
1	WADVC	WADVC	0.984	0.984
2	PADVC	PADVC	0.449	0.449
1	ATC	ATC	0.925	0.925
1	SS	SS	0.677	0.677
2	OC	OC	0.696	0.696
2	PADVC	AC	0.332	0.306
1	AC	AC	0.553	0.553
2	SC	PC	0.376	0.150
2	TADVC	TADVC	0.887	0.887
2	ATC	ATC	0.953	0.953
2	ATC	ATC	0.945	0.945
2	MNRADVC	RADVC	0.968	0.011
2	CMPADVC	PADVC	0.983	0.009
2	CCSADVC	CCSADVC	0.922	0.922
2	OC	TADVC	0.293	0.120
2	SC	SC	0.765	0.765
3	PC	PC	0.972	0.972
2	SC	SC	0.973	0.973
2	PADVC	CMPADVC	0.966	0.022
2	PADVC	CMPADVC	0.962	0.015
1	ATC	AC	0.841	0.129
2	OC	OC	0.437	0.437
2	CADVC	CADVC	0.982	0.982
2	ATC	ATC	0.954	0.954
2	ATC	ATC	0.819	0.819
2	CCSADVC	CCSADVC	0.987	0.987
3	SC	SC	0.404	0.404
1	WADVC	WADVC	0.553	0.553
2	WADVC	WADVC	0.774	0.774
2	PADVC	PADVC	0.781	0.781
2	PC	RADVC	0.644	0.004
2	ATC	NATC	0.991	0.005
2	TADVC	CMFS	0.439	0.170
2	OC	AC	0.359	0.312
2	PC	PC	0.912	0.912
2	MNRADVC	RADVC	0.895	0.088
1	ATC	NATC	0.498	0.486
2	RADVC	MNRADVC	0.975	0.007
1	SS	SS	0.836	0.836
2	CCSADVC	CCSADVC	0.998	0.998
1	AC	ATC	0.546	0.160
2	ATC	ATC	0.984	0.984
1	NATC	NATC	0.448	0.448
2	CMPADVC	PADVC	0.968	0.024
2	PADVC	PADVC	0.461	0.461
1	NATC	ATC	0.975	0.021
2	NATC	ATC	0.980	0.014
2	CCSADVC	CCSADVC	0.974	0.974
2	CCSADVC	CCSADVC	0.987	0.987
2	CMPADVC	PADVC	0.956	0.007
2	CCSADVC	CCSADVC	0.992	0.992
2	CCSADVC	CCSADVC	0.982	0.982
2	TADVC	OC	0.306	0.223
1	ATC	ATC	0.989	0.989
2	CADVC	CADVC	0.665	0.665
2	PADVC	CMPADVC	0.943	0.008
2	ATC	ATC	0.993	0.993
1	CMAS	CMAS	0.373	0.373
2	ATC	ATC	0.999	0.999
2	CMAS	CMAS	0.856	0.856
1	CMAS	CMAS	0.912	0.912
2	WADVC	ATC	0.853	0.110
2	ATC	NATC	0.501	0.497
3	CCSADVC	CCSADVC	0.967	0.967
2	PC	PC	0.718	0.718
1	TADVC	ATC	0.279	0.061
2	RADVC	RADVC	0.825	0.825
2	RADVC	MNRADVC	0.933	0.001
1	ATC	NATC	0.448	0.377
2	PC	SC	0.437	0.342
2	RADVC	RADVC	0.942	0.942
1	ATC	NATC	0.925	0.073
2	AC	OC	0.560	0.222
2	TADVC	TADVC	0.940	0.940
2	RSLADVC	PADVC	0.263	0.184
2	CADVC	CADVC	0.919	0.919
1	SC	SC	0.999	0.999
2	WADVC	OC	0.583	0.173
2	ATC	ATC	0.996	0.996
3	ATC	ATC	0.966	0.966
2	CMFS	CMFS	0.819	0.819
2	RADVC	MNRADVC	0.960	0.003
1	SS	SS	0.827	0.827
1	ATC	ATC	0.918	0.918
2	OC	AC	0.773	0.119
2	AC	ATC	0.831	0.039
2	PADVC	NATC	0.275	0.031
1	SC	SC	0.923	0.923
2	ATC	NATC	0.978	0.020
2	ATC	ATC	0.966	0.966
2	WADVC	ATC	0.441	0.404
2	ATC	ATC	0.974	0.974
1	OC	OC	0.980	0.980
1	NATC	ATC	0.993	0.006
2	PADVC	CMPADVC	0.955	0.003
2	CCSADVC	CCSADVC	0.449	0.449
2	ATC	NATC	0.979	0.020
2	AC	OC	0.831	0.112
2	RADVC	RADVC	0.946	0.946
2	OC	OC	0.320	0.320
2	PADVC	PADVC	0.346	0.346
2	ATC	NATC	0.977	0.023
3	AC	AC	0.660	0.660
2	NATC	ATC	0.959	0.023
3	ATC	ATC	0.876	0.876
2	SC	SC	0.855	0.855
2	PC	PC	0.707	0.707
2	CMFS	CMFS	0.826	0.826
2	AC	ATC	0.849	0.135
2	AC	PADVC	0.787	0.013
1	SC	SC	0.883	0.883
2	RADVC	TADVC	0.582	0.308
2	ATC	ATC	0.806	0.806
1	NATC	ATC	0.990	0.010
1	SC	SC	0.968	0.968
2	PADVC	PADVC	0.915	0.915
2	WADVC	WADVC	0.555	0.555
1	CMBS	CMBS	0.840	0.840
1	CMPADVC	PADVC	0.970	0.010
2	ATC	ATC	0.995	0.995
2	CCSADVC	TADVC	0.359	0.109
1	CADVC	CADVC	0.708	0.708
2	CCSADVC	SC	0.322	0.261
2	CADVC	CADVC	0.771	0.771
2	TADVC	TADVC	0.901	0.901
2	ATC	ATC	0.962	0.962
2	ATC	ATC	0.995	0.995
2	CADVC	CADVC	0.955	0.955
1	ATC	ATC	0.999	0.999
2	ATC	ATC	1.000	1.000
2	CMFS	TADVC	0.606	0.123
2	ATC	ATC	1.000	1.000
2	RADVC	RADVC	0.426	0.426
2	CADVC	CADVC	0.987	0.987
2	PC	ATC	0.536	0.437
1	ATC	ATC	0.987	0.987
2	CCSADVC	CCSADVC	0.482	0.482
3	CMAS	CMAS	0.934	0.934
2	CADVC	CADVC	0.744	0.744
2	RADVC	MNRADVC	0.958	0.007
3	PC	PC	0.998	0.998
1	ATC	NATC	0.989	0.011
