2	ATC	AC	0.314	0.114
2	AC	AC	0.937	0.937
2	PADVC	CMPADVC	0.939	0.013
2	CCSADVC	CCSADVC	0.934	0.934
2	ATC	ATC	0.999	0.999
2	CMFS	CMFS	0.254	0.254
2	CMPADVC	PADVC	0.967	0.004
2	RADVC	RADVC	0.743	0.743
2	WADVC	WADVC	0.989	0.989
2	CMFS	CMFS	0.474	0.474
2	MNRADVC	RADVC	0.936	0.000
1	OC	OC	0.629	0.629
2	MNRADVC	RADVC	0.977	0.018
4	PC	PC	0.974	0.974
2	PADVC	CMPADVC	0.977	0.013
2	RADVC	RADVC	0.973	0.973
2	PADVC	CMPADVC	0.954	0.017
3	OC	OC	0.440	0.440
2	ATC	ATC	0.952	0.952
2	TADVC	PC	0.387	0.143
1	SC	SC	0.941	0.941
2	PC	PC	0.770	0.770
2	TADVC	CMFS	0.525	0.061
2	CMPADVC	PADVC	0.973	0.014
2	ATC	NATC	0.979	0.020
2	CMFS	CMFS	0.563	0.563
2	ATC	NATC	0.976	0.023
2	CCSADVC	CCSADVC	0.999	0.999
2	TADVC	TADVC	0.957	0.957
2	OC	OC	0.813	0.813
2	ATC	ATC	0.988	0.988
2	AC	AC	0.413	0.413
2	ATC	ATC	0.970	0.970
2	ATC	ATC	0.492	0.492
2	CADVC	CADVC	0.893	0.893
2	SC	PADVC	0.232	0.107
3	ATC	ATC	0.892	0.892
2	OC	OC	0.724	0.724
2	ATC	NATC	0.988	0.010
2	CADVC	CADVC	0.816	0.816
2	RSLADVC	ATC	0.860	0.025
2	TADVC	ATC	0.799	0.190
2	OC	OC	0.562	0.562
2	NATC	ATC	0.990	0.010
2	OC	OC	0.971	0.971
2	RADVC	CMFS	0.321	0.026
4	CCSADVC	CCSADVC	0.521	0.521
2	ATC	TADVC	0.777	0.176
2	AC	AC	0.583	0.583
2	CMFS	CMFS	0.623	0.623
2	NATC	ATC	0.958	0.032
1	OC	TADVC	0.739	0.026
2	CMCS	CMBS	0.613	0.003
2	OC	AC	0.539	0.405
1	ATC	NATC	0.980	0.007
2	RADVC	MNRADVC	0.934	0.037
2	CMPADVC	PADVC	0.958	0.022
2	RADVC	MNRADVC	0.879	0.071
2	PADVC	PADVC	0.711	0.711
2	RADVC	RADVC	0.627	0.627
2	AC	AC	0.467	0.467
3	CCSADVC	CCSADVC	0.646	0.646
2	TADVC	TADVC	0.925	0.925
2	CCSADVC	CCSADVC	0.933	0.933
2	ATC	ATC	0.865	0.865
1	WADVC	WADVC	0.981	0.981
2	AC	ATC	0.751	0.050
1	NATC	ATC	0.988	0.007
2	AC	AC	0.962	0.962
2	TADVC	TADVC	0.341	0.341
2	CCSADVC	CCSADVC	0.969	0.969
1	ATC	WADVC	0.769	0.026
2	TADVC	TADVC	0.655	0.655
2	CADVC	CADVC	0.959	0.959
2	ATC	ATC	0.981	0.981
2	CCSADVC	CCSADVC	0.997	0.997
1	CMPADVC	PADVC	0.965	0.002
2	TADVC	TADVC	0.753	0.753
2	AC	AC	0.922	0.922
2	MNRADVC	RADVC	0.973	0.017
2	OC	OC	0.393	0.393
2	PADVC	PADVC	0.510	0.510
2	SC	SC	0.684	0.684
2	RADVC	ATC	0.281	0.195
2	PADVC	PADVC	0.392	0.392
2	PC	MNRADVC	0.444	0.102
1	ATC	NATC	0.972	0.010
2	ATC	ATC	0.785	0.785
2	NATC	ATC	0.999	0.001
2	CCSADVC	CCSADVC	0.995	0.995
1	SC	SC	0.854	0.854
2	AC	AC	0.479	0.479
1	SS	SS	0.849	0.849
2	CADVC	CADVC	0.507	0.507
1	SC	TADVC	0.623	0.212
2	ATC	PC	0.503	0.206
2	CMBS	CMBS	0.688	0.688
2	ATC	NATC	0.954	0.045
2	ATC	ATC	0.661	0.661
1	SS	SS	0.936	0.936
2	WADVC	WADVC	0.785	0.785
2	ATC	ATC	0.972	0.972
2	CADVC	CADVC	0.985	0.985
2	CADVC	CADVC	0.573	0.573
2	PC	MNRADVC	0.492	0.087
2	ATC	ATC	0.992	0.992
2	WADVC	WADVC	0.403	0.403
2	OC	CADVC	0.756	0.047
2	ATC	ATC	0.989	0.989
2	NATC	ATC	0.961	0.005
2	PADVC	CMPADVC	0.961	0.009
2	CMFS	CMFS	0.462	0.462
2	RSLADVC	ATC	0.798	0.130
2	ATC	NATC	0.977	0.023
1	SC	SC	0.997	0.997
1	PADVC	OC	0.410	0.342
2	ATC	ATC	0.999	0.999
2	ATC	ATC	0.863	0.863
2	NATC	ATC	0.988	0.007
2	PADVC	PADVC	0.844	0.844
2	ATC	AC	0.651	0.037
2	ATC	ATC	0.908	0.908
1	AC	AC	0.413	0.413
2	CMBS	ATC	0.215	0.067
2	MNRADVC	MNRADVC	0.879	0.879
3	ATC	NATC	0.977	0.022
2	OC	PC	0.255	0.020
2	CMBS	OC	0.202	0.018
2	ATC	ATC	0.852	0.852
1	SC	SC	0.775	0.775
2	TADVC	TADVC	0.889	0.889
1	ATC	NATC	0.972	0.010
2	CCSADVC	CCSADVC	0.993	0.993
2	PC	PC	0.773	0.773
2	CCSADVC	CCSADVC	0.993	0.993
2	RSLADVC	OC	0.463	0.003
2	CMFS	CADVC	0.605	0.186
2	ATC	NATC	0.961	0.019
3	CCSADVC	CCSADVC	0.977	0.977
2	MNRADVC	ATC	0.281	0.075
2	RADVC	RADVC	0.985	0.985
1	PADVC	CMPADVC	0.968	0.013
1	CADVC	CADVC	0.876	0.876
2	AC	AC	0.855	0.855
2	CMFS	TADVC	0.560	0.015
2	CMPADVC	PADVC	0.979	0.012
2	RADVC	MNRADVC	0.961	0.015
2	TADVC	AC	0.924	0.005
2	TADVC	TADVC	0.880	0.880
2	CMBS	CMBS	0.210	0.210
2	TADVC	TADVC	0.638	0.638
2	CCSADVC	OC	0.653	0.006
2	PADVC	CMPADVC	0.970	0.010
2	CMPADVC	PADVC	0.967	0.011
2	TADVC	ATC	0.751	0.046
1	CMBS	CMBS	0.944	0.944
1	SC	SC	0.979	0.979
2	ATC	NATC	0.951	0.028
2	PADVC	CMPADVC	0.955	0.003
2	ATC	ATC	0.998	0.998
