2	NATC	ATC	0.993	0.007
2	PC	PC	0.995	0.995
2	OC	CMPADVC	0.390	0.015
2	OC	OC	0.795	0.795
2	PC	AC	0.369	0.211
1	ATC	NATC	0.978	0.014
2	ATC	ATC	0.996	0.996
1	SS	SS	0.872	0.872
2	MNRADVC	RADVC	0.982	0.010
2	CCSADVC	CCSADVC	0.958	0.958
2	CMAS	CMAS	0.805	0.805
2	TADVC	ATC	0.623	0.359
1	AC	AC	0.409	0.409
2	MNRADVC	RADVC	0.753	0.013
2	ATC	NATC	0.972	0.026
2	WADVC	WADVC	0.612	0.612
2	ATC	ATC	0.985	0.985
2	AC	AC	0.502	0.502
2	AC	AC	0.762	0.762
2	NATC	NATC	0.530	0.530
2	AC	PC	0.618	0.068
3	PC	ATC	0.702	0.020
2	NATC	ATC	0.991	0.009
2	CADVC	CADVC	0.987	0.987
2	CMFS	CMFS	0.720	0.720
2	OC	ATC	0.934	0.004
2	ATC	NATC	0.973	0.019
2	CMPADVC	PADVC	0.935	0.005
2	MNRADVC	RADVC	0.966	0.016
2	OC	OC	0.847	0.847
2	PC	ATC	0.584	0.201
2	SC	SC	0.921	0.921
2	MNRADVC	RADVC	0.518	0.285
1	SC	ATC	0.768	0.080
2	CADVC	CADVC	0.952	0.952
2	CMPADVC	PADVC	0.955	0.014
2	OC	ATC	0.776	0.007
2	RADVC	RADVC	0.940	0.940
1	NATC	ATC	0.981	0.008
1	CMPADVC	PADVC	0.973	0.012
2	ATC	ATC	0.995	0.995
2	PC	PC	0.740	0.740
2	CMBS	CMBS	0.377	0.377
2	ATC	ATC	0.808	0.808
2	MNRADVC	RADVC	0.959	0.006
1	NATC	ATC	0.994	0.004
2	ATC	OC	0.782	0.107
2	WADVC	WADVC	0.951	0.951
3	OC	OC	0.630	0.630
1	ATC	ATC	0.608	0.608
2	MNRADVC	RADVC	0.984	0.008
2	ATC	NATC	0.530	0.432
2	TADVC	TADVC	0.951	0.951
2	ATC	ATC	0.972	0.972
2	PC	PC	0.974	0.974
2	ATC	ATC	0.727	0.727
2	NATC	ATC	0.960	0.015
2	MNRADVC	RADVC	0.984	0.006
2	PADVC	CMPADVC	0.969	0.009
2	CADVC	CADVC	0.900	0.900
1	OC	OC	0.974	0.974
3	ATC	ATC	0.596	0.596
3	PC	PC	0.965	0.965
2	ATC	NATC	0.978	0.020
2	CCSADVC	ATC	0.466	0.361
2	PC	PC	0.969	0.969
2	ATC	ATC	0.995	0.995
2	RADVC	MNRADVC	0.934	0.003
2	ATC	NATC	0.978	0.022
2	TADVC	TADVC	0.618	0.618
2	PC	PC	0.991	0.991
2	MNRADVC	RADVC	0.975	0.013
1	ATC	ATC	0.315	0.315
2	ATC	ATC	0.969	0.969
2	CCSADVC	CCSADVC	0.760	0.760
2	ATC	NATC	0.966	0.032
2	ATC	NATC	0.987	0.013
2	CCSADVC	CCSADVC	0.942	0.942
1	SS	SS	0.737	0.737
2	ATC	ATC	0.954	0.954
2	RADVC	RADVC	0.518	0.518
2	PC	RADVC	0.868	0.006
2	CMPADVC	PADVC	0.950	0.006
2	ATC	ATC	0.926	0.926
2	ATC	ATC	0.978	0.978
2	NATC	ATC	0.987	0.006
2	AC	ATC	0.480	0.024
2	CADVC	OC	0.384	0.310
2	ATC	NATC	0.976	0.023
2	ATC	ATC	0.372	0.372
2	RADVC	RADVC	0.753	0.753
3	WADVC	CCSADVC	0.864	0.014
2	CCSADVC	OC	0.771	0.002
2	PADVC	PADVC	0.773	0.773
2	ATC	ATC	1.000	1.000
2	CCSADVC	CCSADVC	0.651	0.651
2	PC	RADVC	0.583	0.018
2	CCSADVC	CCSADVC	0.928	0.928
1	ATC	ATC	0.985	0.985
2	CCSADVC	CCSADVC	0.974	0.974
2	ATC	ATC	0.801	0.801
1	PADVC	PADVC	0.650	0.650
2	OC	AC	0.392	0.230
2	AC	PC	0.441	0.184
2	CMPADVC	PADVC	0.975	0.012
1	SC	SC	0.947	0.947
2	NATC	ATC	0.965	0.005
2	PC	ATC	0.686	0.261
2	CCSADVC	CCSADVC	0.995	0.995
2	WADVC	WADVC	0.943	0.943
2	ATC	ATC	0.985	0.985
2	PADVC	PADVC	0.677	0.677
2	AC	PC	0.347	0.142
2	NATC	ATC	0.977	0.020
2	ATC	ATC	0.934	0.934
2	CMFS	PADVC	0.426	0.002
1	SC	SC	0.942	0.942
2	NATC	ATC	0.976	0.022
1	RADVC	MNRADVC	0.930	0.041
2	TADVC	TADVC	0.759	0.759
2	OC	OC	0.963	0.963
2	ATC	NATC	0.961	0.038
2	SC	ATC	0.326	0.108
2	OC	OC	0.823	0.823
2	PC	PC	0.809	0.809
2	PADVC	CMPADVC	0.952	0.003
2	CCSADVC	CCSADVC	0.888	0.888
2	OC	ATC	0.934	0.025
2	PADVC	PADVC	0.899	0.899
2	AC	ATC	0.357	0.350
1	CMAS	CMAS	0.949	0.949
2	RSLADVC	SC	0.852	0.003
2	OC	OC	0.537	0.537
2	MNRADVC	RADVC	0.973	0.010
2	RADVC	MNRADVC	0.950	0.013
2	ATC	ATC	0.992	0.992
2	CADVC	CADVC	0.957	0.957
2	PADVC	CMPADVC	0.965	0.012
2	TADVC	ATC	0.619	0.331
2	ATC	NATC	0.956	0.025
2	ATC	NATC	0.953	0.016
1	CMAS	CMAS	0.944	0.944
1	NATC	ATC	0.608	0.388
2	SC	SC	0.879	0.879
2	AC	AC	0.485	0.485
2	ATC	ATC	0.993	0.993
1	SC	SC	0.927	0.927
2	CCSADVC	CCSADVC	0.845	0.845
1	AC	AC	0.584	0.584
2	RADVC	MNRADVC	0.956	0.009
2	CADVC	CADVC	0.610	0.610
2	ATC	ATC	0.990	0.990
2	CMPADVC	PADVC	0.973	0.002
2	CADVC	CADVC	0.552	0.552
2	CMAS	CMAS	0.530	0.530
2	ATC	TADVC	0.725	0.154
2	ATC	ATC	0.982	0.982
1	NATC	ATC	0.980	0.020
2	PC	PC	0.580	0.580
1	ATC	ATC	0.997	0.997
