2	CCSADVC	CCSADVC	0.994	0.994
2	NATC	ATC	0.984	0.015
2	AC	AC	0.846	0.846
3	OC	OC	0.394	0.394
2	WADVC	WADVC	0.778	0.778
2	AC	AC	0.810	0.810
2	OC	OC	0.699	0.699
3	OC	OC	0.971	0.971
2	ATC	ATC	0.971	0.971
2	ATC	NATC	0.987	0.006
2	CMFS	CMFS	0.683	0.683
2	ATC	TADVC	0.597	0.223
1	PC	PC	0.882	0.882
2	CADVC	OC	0.716	0.025
2	RSLADVC	ATC	0.352	0.121
3	ATC	NATC	0.974	0.025
1	SC	SC	0.472	0.472
2	PC	PC	0.978	0.978
2	RADVC	MNRADVC	0.977	0.016
2	RADVC	MNRADVC	0.976	0.018
2	WADVC	WADVC	0.989	0.989
2	SC	SC	0.631	0.631
3	ATC	ATC	0.901	0.901
2	OC	ATC	0.953	0.008
2	CCSADVC	CCSADVC	0.994	0.994
2	PC	ATC	0.567	0.222
1	SC	SC	0.218	0.218
2	AC	AC	0.880	0.880
2	ATC	ATC	0.989	0.989
1	SC	SC	0.893	0.893
2	RADVC	CCSADVC	0.528	0.122
2	PC	RADVC	0.916	0.016
1	CMCS	CMBS	0.958	0.001
2	OC	OC	0.726	0.726
2	PC	PC	0.528	0.528
2	ATC	ATC	0.927	0.927
2	PADVC	SC	0.408	0.096
1	RADVC	AC	0.203	0.065
2	CADVC	CCSADVC	0.430	0.374
1	NATC	ATC	0.970	0.012
2	PC	ATC	0.830	0.135
2	PC	ATC	0.565	0.015
1	PADVC	CMPADVC	0.968	0.017
2	NATC	ATC	0.978	0.022
1	SS	SS	0.810	0.810
2	OC	OC	0.955	0.955
1	SC	SC	0.991	0.991
2	OC	OC	0.773	0.773
2	ATC	ATC	0.999	0.999
2	MNRADVC	RADVC	0.956	0.028
2	CCSADVC	CMBS	0.348	0.184
2	ATC	ATC	0.999	0.999
1	NATC	ATC	0.980	0.009
1	CMBS	CMBS	0.871	0.871
1	SC	SC	0.692	0.692
2	RADVC	RADVC	0.986	0.986
2	MNRADVC	RADVC	0.962	0.014
1	NATC	ATC	0.985	0.015
1	SC	SC	0.965	0.965
1	SC	SC	0.519	0.519
1	ATC	ATC	0.960	0.960
2	AC	AC	0.867	0.867
2	OC	OC	0.725	0.725
2	ATC	ATC	0.879	0.879
2	NATC	ATC	0.955	0.042
2	CMPADVC	PADVC	0.969	0.013
2	ATC	NATC	0.971	0.022
2	CMFS	CADVC	0.639	0.196
1	SS	SS	0.733	0.733
2	RADVC	MNRADVC	0.955	0.006
2	NATC	ATC	0.990	0.008
2	CMFS	PADVC	0.551	0.091
2	CMPADVC	PADVC	0.978	0.011
2	MNRADVC	RADVC	0.940	0.004
2	TADVC	TADVC	0.592	0.592
2	CADVC	CADVC	0.890	0.890
2	TADVC	TADVC	0.538	0.538
2	TADVC	TADVC	0.980	0.980
2	RADVC	TADVC	0.598	0.335
2	CADVC	CADVC	0.977	0.977
2	NATC	ATC	0.991	0.008
2	TADVC	TADVC	0.745	0.745
2	AC	AC	0.871	0.871
2	OC	ATC	0.982	0.001
2	NATC	ATC	0.999	0.001
2	ATC	ATC	1.000	1.000
2	ATC	TADVC	0.836	0.098
2	TADVC	TADVC	0.936	0.936
2	ATC	NATC	0.953	0.047
3	PC	PC	0.975	0.975
2	PADVC	ATC	0.480	0.071
3	CMAS	ATC	0.906	0.012
2	NATC	TADVC	0.836	0.031
1	RADVC	MNRADVC	0.978	0.002
2	ATC	ATC	0.964	0.964
2	OC	AC	0.437	0.064
2	PC	RADVC	0.562	0.001
2	CADVC	CADVC	0.690	0.690
2	ATC	ATC	0.446	0.446
4	PC	PC	0.905	0.905
2	ATC	ATC	0.907	0.907
2	TADVC	TADVC	0.954	0.954
2	CADVC	CADVC	0.958	0.958
2	TADVC	ATC	0.514	0.130
2	PADVC	CMPADVC	0.943	0.010
1	SC	SC	0.974	0.974
1	RADVC	MNRADVC	0.969	0.002
2	NATC	ATC	0.986	0.008
1	TADVC	ATC	0.279	0.024
3	CCSADVC	CCSADVC	0.849	0.849
2	ATC	ATC	0.426	0.426
2	PADVC	PADVC	0.336	0.336
2	CADVC	CADVC	0.587	0.587
2	PC	MNRADVC	0.363	0.064
2	CCSADVC	OC	0.725	0.004
2	SC	SC	0.888	0.888
2	ATC	ATC	0.986	0.986
2	PC	PC	0.519	0.519
1	SC	SC	0.686	0.686
2	ATC	TADVC	0.839	0.137
1	NATC	ATC	0.997	0.003
2	RADVC	MNRADVC	0.975	0.006
2	MNRADVC	MNRADVC	0.586	0.586
2	NATC	ATC	0.415	0.224
2	ATC	ATC	0.955	0.955
2	AC	OC	0.676	0.206
2	CMAS	CMAS	0.930	0.930
2	TADVC	ATC	0.509	0.445
1	SC	ATC	0.561	0.125
2	ATC	ATC	0.973	0.973
2	ATC	NATC	0.988	0.009
2	ATC	ATC	0.999	0.999
2	CMPADVC	SC	0.408	0.260
2	TADVC	TADVC	0.434	0.434
2	PADVC	CMPADVC	0.946	0.015
2	WADVC	WADVC	0.779	0.779
2	OC	OC	0.421	0.421
2	AC	AC	0.921	0.921
2	RADVC	MNRADVC	0.586	0.303
2	SC	SC	0.763	0.763
2	CMBS	CMBS	0.203	0.203
2	CMAS	CMAS	0.729	0.729
2	CCSADVC	CCSADVC	0.984	0.984
2	RADVC	MNRADVC	0.953	0.008
2	NATC	ATC	0.927	0.070
2	ATC	ATC	0.543	0.543
1	ATC	WADVC	0.735	0.054
2	ATC	ATC	0.833	0.833
2	PC	PC	0.844	0.844
2	TADVC	TADVC	0.783	0.783
2	ATC	ATC	0.415	0.415
2	PADVC	OC	0.813	0.044
2	TADVC	ATC	0.330	0.304
2	CMBS	CMAS	0.176	0.022
2	SC	SC	0.618	0.618
3	CCSADVC	CCSADVC	0.972	0.972
2	NATC	ATC	0.907	0.080
2	AC	OC	0.354	0.346
2	TADVC	TADVC	0.949	0.949
2	SC	SC	0.458	0.458
