Granting you are made some progress , you should not be conceited .	CCSADVC	CCSADVC	0.992	0.992
He saw the girl , which delighted him .	NATC	ATC	0.980	0.017
He has solved the problem why the radio was out of order .	AC	AC	0.828	0.828
We discovered what we had learned to be valuable .	OC	OC	0.294	0.294
Where there is no rain , farming is difficult or impossible .	WADVC	WADVC	0.561	0.561
My question how I shall get in touch with him has not been answered .	AC	AC	0.688	0.688
He suggested we should clean the corridor every day .	OC	OC	0.574	0.574
I asked him whether he had done all the work himself or whether he had had any assistance .	OC	OC	0.914	0.914
I dislike the school to which he belongs .	ATC	ATC	0.974	0.974
Angles , whose native language is German , can read and write in several foreign languages .	ATC	NATC	0.981	0.011
She must go now , for her boyfriend is waiting for her .	CMFS	CMFS	0.468	0.468
The custom dates from the times when men wore swords .	ATC	ATC	0.511	0.511
My problem is which computer to choose .	PC	PC	0.867	0.867
We can walk there if we ca n't find a bus .	CADVC	OC	0.728	0.011
Our country has so much coal that she can export large quantities .	RSLADVC	ATC	0.351	0.123
Last TIME I visited the People 's Great Hall , in which many important meetings are held every year .	ATC	NATC	0.973	0.027
How this happened is not clear to anyone .	SC	SC	0.643	0.643
That is where he was born .	PC	PC	0.981	0.981
He fell off his horse as if he had been shot .	RADVC	MNRADVC	0.972	0.014
He treats me as if I am a stranger .	RADVC	MNRADVC	0.970	0.016
They will go where they are happy .	WADVC	WADVC	0.964	0.964
Whoever breaks the law will be punished .	SC	SC	0.636	0.636
The reason why he is late is that his car went wrong .	ATC	ATC	0.923	0.923
Our teacher said that TIME is the first month of the year .	OC	ATC	0.957	0.006
Although he was exhausted , still he kept on working .	CCSADVC	CCSADVC	0.991	0.991
Fame and personal gain is what they 're after .	PC	ATC	0.664	0.109
That you are so indifferent bothers me .	SC	RADVC	0.247	0.105
I 've come from Mr wang with a message that he wo n't be able to see you this afternoon .	AC	AC	0.805	0.805
They pushed open all the windows that remained closed for a whole month .	ATC	ATC	0.997	0.997
What you need is more practice .	SC	SC	0.778	0.778
Now that you are well again , you can travel .	RADVC	CCSADVC	0.604	0.060
It 's just because he does n't know her .	PC	RADVC	0.712	0.041
Hurry up , or else you 'll be late .	CMCS	CMBS	0.927	0.001
We take it that you will agree with us .	OC	OC	0.654	0.654
Next TIME is when we shall meet .	PC	PC	0.435	0.435
The old man has a son , who is in the army .	ATC	ATC	0.929	0.929
It is not as easy as you think .	PADVC	SC	0.572	0.047
I ca n't get to sleep because of the noise outside .	RADVC	RADVC	0.343	0.343
Providing there is no opposition , we shall hold the meeting here .	CADVC	CCSADVC	0.414	0.399
As is known to the PLACE , Mark Twain is a great American writer .	NATC	ATC	0.966	0.013
That 's why I object to the plan .	PC	ATC	0.757	0.178
She has remained where I stood yesterday for an hour .	PC	ATC	0.559	0.015
There were more casualties than was reported .	PADVC	CMPADVC	0.965	0.016
Xi'an , which I visited last year , is a nice old city .	NATC	ATC	0.976	0.023
He likes English very much .	SS	SS	0.650	0.650
I found it impossible that he could finish it in such a short time .	OC	OC	0.948	0.948
When he will come is a puzzle .	SC	SC	0.986	0.986
I think it necessary that we take plenty of hot water every day .	OC	OC	0.697	0.697
Lally was right about the repairs which the cottage needed .	ATC	ATC	0.998	0.998
He looks as if he is angry .	MNRADVC	RADVC	0.953	0.026
While I like the color , I do n't like the shape .	CCSADVC	CCSADVC	0.228	0.228
The women never drink in this manner , which is absolutely special to men .	ATC	ATC	0.998	0.998
Our guide , who was a French Canadian , was an excellent cook .	NATC	ATC	0.976	0.009
Hurry up otherwise you will miss the first bus .	CMBS	CMBS	0.840	0.840
That he will help others is a fact .	SC	SC	0.520	0.520
The woolly shrank because it was washed badly .	RADVC	RADVC	0.978	0.978
It looked as if there would be an exciting race .	MNRADVC	RADVC	0.952	0.010
PLACE , which was founded in TIME , is becoming more and more powerful .	NATC	ATC	0.981	0.019
Whatever he did is right .	SC	SC	0.939	0.939
When he will be back depends on the weather .	SC	SC	0.401	0.401
Jenney dreams of the day when she will be playing the piano for a living .	ATC	ATC	0.958	0.958
There was a suggestion that Brown should be dropped from the team .	AC	AC	0.799	0.799
We are talking about whether we admit students into our club .	OC	OC	0.517	0.517
I like those cookies that are coated with chocolate spread .	ATC	ATC	0.957	0.957
The two policemen were completely trusted , which in fact they were .	NATC	ATC	0.919	0.075
The higher the temperature is , the greater the pressure is .	CMPADVC	PADVC	0.961	0.016
Peter , whom you met in PLACE , is now back in PLACE .	ATC	NATC	0.970	0.019
You 'd better take an umbrella with you , for it 's going to rain .	CMFS	CADVC	0.740	0.063
They work hard .	SS	SS	0.445	0.445
I am as you can imagine short of money .	RADVC	MNRADVC	0.952	0.006
The boy , whose father is an engineer , studies very hard .	NATC	ATC	0.988	0.010
The student got up late this morning , so she did n't catch the early bus .	CMFS	PADVC	0.571	0.057
Man developed earlier than people think .	CMPADVC	PADVC	0.974	0.009
I have changed it as you suggest .	MNRADVC	RADVC	0.939	0.003
The days get longer when TIME comes .	TADVC	ATC	0.339	0.273
If you park your car in the wrong place , a traffic policeman will soon find it .	CADVC	CADVC	0.855	0.855
The villagers were enjoying their peaceful life when a war broke out .	TADVC	ATC	0.699	0.286
You ca n't go home until you finish your work .	TADVC	TADVC	0.971	0.971
As it was raining , I stayed at home .	RADVC	TADVC	0.510	0.373
Providing you clear your desk by this evening , you can have tomorrow off .	CADVC	CADVC	0.977	0.977
The play , whose style is rigidly formal , is typical of the period .	NATC	ATC	0.990	0.009
I went to school after I finished my breakfast .	TADVC	TADVC	0.784	0.784
We are not investigating the question whether he is trustworthy .	AC	AC	0.862	0.862
Tell him which class you are in .	OC	ATC	0.970	0.002
She was very patient towards the children , which her husband seldom was .	NATC	ATC	0.999	0.001
This is the room which is kept for the reception of visitors .	ATC	ATC	1.000	1.000
I went to bed at ten , before when I was reading for an hour .	ATC	TADVC	0.693	0.171
I 'll wait here till the rain stops .	TADVC	TADVC	0.880	0.880
The novel , which I read last night , is very interesting .	ATC	NATC	0.953	0.046
PLACE is no longer what she used to be .	PC	PC	0.969	0.969
I got up early so that I could catch the first bus .	PADVC	ATC	0.543	0.106
Neither did the naughty boy go home nor did his parents come to search for him .	CMAS	ATC	0.929	0.022
I went to bed at ten , before when I was reading for an hour .	NATC	TADVC	0.693	0.044
He walked forward as if making a speech .	RADVC	MNRADVC	0.987	0.004
The girl whom the teacher often praises is our monitor .	ATC	ATC	0.939	0.939
The book will show you what the best CEOs know .	OC	ATC	0.520	0.043
At that time , it seemed as if I could n't think of the right word .	PC	CCSADVC	0.836	0.000
If you ask him , he will help you .	CADVC	CADVC	0.563	0.563
There were long periods when we had no news of him .	ATC	ATC	0.615	0.615
It is n't as this is what I want , if you were going away for ever .	PC	PC	0.953	0.953
He may have acute appendicitis , in which case he will have to be operated on .	ATC	ATC	0.958	0.958
By the time you came back , I had finished this book .	TADVC	TADVC	0.955	0.955
If you want to lose weight you must eat less bread .	CADVC	CADVC	0.941	0.941
He had hardly fallen asleep when he felt a soft touch on his shoulder .	TADVC	ATC	0.688	0.039
I like you the more , the more I know you .	PADVC	CMPADVC	0.942	0.013
When they will come has n't been made pubic .	SC	SC	0.972	0.972
He walked forward as though making a speech .	RADVC	MNRADVC	0.965	0.004
My gardener , who is very pessimistic , says that there will be no apples this year .	NATC	ATC	0.985	0.008
Close the door before you leave the room .	TADVC	ATC	0.319	0.037
Child as he was , he knew what was the right thing to do .	CCSADVC	CCSADVC	0.953	0.953
The house where I lived ten years ago has been pulled down .	ATC	ATC	0.571	0.571
I am punishing the child lest he should make the same mistake .	PADVC	OC	0.494	0.145
You can borrow my bike provided you bring it back .	CADVC	CADVC	0.651	0.651
Now it was as though she had known Millie for years .	PC	MNRADVC	0.253	0.071
You 'll have to attend the ceremony whether you 're free or busy .	CCSADVC	OC	0.532	0.002
It remains to be seen whether it will do us harm or good .	SC	SC	0.839	0.839
This is the way how he always treats me .	ATC	ATC	0.984	0.984
This is why I am late .	PC	PC	0.568	0.568
That you will win the medal seems unlikely .	SC	SC	0.573	0.573
I still remember the day when I first came to this school .	ATC	TADVC	0.714	0.249
The Thames , which is now clean enough to swim in , was polluted for over a hundred years .	NATC	ATC	0.996	0.004
Just as we sweep our rooms , so we should sweep backward ideas from our minds .	RADVC	MNRADVC	0.971	0.005
They treated the child as if she were their own .	MNRADVC	MNRADVC	0.520	0.520
He is absorbed in work , as he often was .	NATC	ATC	0.287	0.235
The two policemen were completely trusted , which in fact they were .	ATC	ATC	0.919	0.919
He has n't made the decision whether he will go there .	AC	OC	0.748	0.149
Right now it 's the TIME vacation and I 'm helping my dad on the farm .	CMAS	CMAS	0.868	0.868
He had scarcely began his song when the audience shouted at him .	TADVC	ATC	0.694	0.241
Which of them escaped from the prison is still a mystery .	SC	ATC	0.792	0.096
There is a lady who wants to see you .	ATC	ATC	0.920	0.920
Have you seen the film Titanic , whose leading actor is world famous ?	ATC	NATC	0.984	0.013
She was very patient towards the children , which her husband seldom was .	ATC	ATC	0.999	0.999
It is not as easy as you think .	CMPADVC	SC	0.572	0.155
It began to rain just as I arrived home .	TADVC	TADVC	0.561	0.561
Man grows faster than the planet he inhabits .	PADVC	CMPADVC	0.949	0.017
Where the sea is , you will find seamen .	WADVC	WADVC	0.664	0.664
The teacher said that the moon goes around the earth yesterday .	OC	OC	0.467	0.467
I heard the news that our team had won .	AC	AC	0.897	0.897
They treated the child as if she were their own .	RADVC	MNRADVC	0.520	0.228
It does not make any difference whether it rains or not .	SC	SC	0.623	0.623
He is tall while his elder brother is short .	CMBS	ATC	0.130	0.059
I tried my best , and I caught up with him at last .	CMAS	CMAS	0.625	0.625
Granted you are made some progress , you should not be conceited .	CCSADVC	CCSADVC	0.990	0.990
You must do as your parents tell you .	RADVC	MNRADVC	0.949	0.009
The old man has a son , who is in the army .	NATC	ATC	0.929	0.068
During this terrible year they took only such food as they could find .	ATC	PADVC	0.519	0.369
Returning to a city where one used to live can be a saddening experience .	ATC	WADVC	0.466	0.033
Painting is something that I really enjoy doing .	ATC	ATC	0.787	0.787
The question is whether the enemy is marching towards us .	PC	PC	0.816	0.816
He had no sooner finished his speech than the students started cheering .	TADVC	TADVC	0.812	0.812
He is absorbed in work , as he often was .	ATC	ATC	0.287	0.287
I am telling you that lest you should make a mistake .	PADVC	OC	0.822	0.017
You ca n't borrow books from the school library before you get your student card .	TADVC	ATC	0.465	0.336
He is good-natured ; still I do n't like him .	CMBS	RSLADVC	0.262	0.009
That she survived the accident is a miracle .	SC	SC	0.596	0.596
Admitting that he has ability and interest , it does not mean he has time to do the job .	CCSADVC	CCSADVC	0.977	0.977
He may have acute appendicitis , in which case he will have to be operated on .	NATC	ATC	0.958	0.034
We have n't yet settled the question where we are going to spend our TIME vacation .	AC	AC	0.422	0.422
When I lived in the countryside , I used to carry some water for him .	TADVC	TADVC	0.895	0.895
That he will not come to the meeting this evening is true .	SC	SC	0.452	0.452
