2	NATC	ATC	0.795	0.203
2	PC	PC	0.972	0.972
2	OC	PC	0.221	0.054
2	OC	OC	0.832	0.832
2	PC	CMPADVC	0.207	0.104
1	ATC	NATC	0.919	0.072
2	ATC	ATC	0.984	0.984
1	SS	SS	0.866	0.866
2	MNRADVC	RADVC	0.749	0.145
2	CCSADVC	NATC	0.450	0.180
2	CMAS	CMAS	0.682	0.682
2	TADVC	TADVC	0.818	0.818
1	AC	ATC	0.942	0.017
2	MNRADVC	PC	0.593	0.049
2	ATC	NATC	0.748	0.251
2	WADVC	ATC	0.613	0.170
2	ATC	ATC	0.987	0.987
2	AC	AC	0.887	0.887
2	AC	AC	0.782	0.782
2	NATC	ATC	0.736	0.259
2	AC	SC	0.500	0.049
3	PC	PC	0.380	0.380
2	NATC	ATC	0.811	0.182
2	CADVC	CADVC	0.742	0.742
2	CMFS	RADVC	0.366	0.199
2	OC	ATC	0.528	0.289
2	ATC	NATC	0.712	0.283
2	CMPADVC	PADVC	0.584	0.015
2	MNRADVC	RADVC	0.837	0.102
2	OC	SC	0.500	0.402
2	PC	SC	0.387	0.170
2	SC	SC	0.605	0.605
2	MNRADVC	MNRADVC	0.608	0.608
1	SC	PADVC	0.499	0.001
2	CADVC	CADVC	0.967	0.967
2	CMPADVC	PADVC	0.785	0.072
2	OC	ATC	0.853	0.004
2	RADVC	CCSADVC	0.326	0.290
1	NATC	ATC	0.732	0.111
1	CMPADVC	PADVC	0.856	0.048
2	ATC	ATC	0.996	0.996
2	PC	PC	0.941	0.941
2	CMBS	CMAS	0.502	0.262
2	ATC	ATC	0.666	0.666
2	MNRADVC	RADVC	0.738	0.021
1	NATC	ATC	0.988	0.007
2	ATC	OC	0.785	0.056
2	WADVC	WADVC	0.913	0.913
3	OC	OC	0.820	0.820
1	ATC	NATC	0.586	0.413
2	MNRADVC	RADVC	0.850	0.058
2	ATC	ATC	0.736	0.736
2	TADVC	TADVC	0.996	0.996
2	ATC	ATC	0.998	0.998
2	PC	TADVC	0.487	0.478
2	ATC	SC	0.509	0.445
2	NATC	ATC	0.835	0.120
2	MNRADVC	RADVC	0.892	0.029
2	PADVC	CMPADVC	0.867	0.034
2	CADVC	CADVC	0.983	0.983
1	OC	OC	0.973	0.973
3	ATC	CADVC	0.880	0.109
3	PC	PC	0.740	0.740
2	ATC	NATC	0.950	0.039
2	CCSADVC	CCSADVC	0.845	0.845
2	PC	PC	0.945	0.945
2	ATC	ATC	0.782	0.782
2	RADVC	MNRADVC	0.749	0.024
2	ATC	NATC	0.959	0.041
2	TADVC	TADVC	0.938	0.938
2	PC	PC	0.948	0.948
2	MNRADVC	RADVC	0.952	0.012
1	ATC	ATC	0.339	0.339
2	ATC	ATC	0.625	0.625
2	CCSADVC	CCSADVC	0.910	0.910
2	ATC	NATC	0.777	0.222
2	ATC	NATC	0.872	0.127
2	CCSADVC	CCSADVC	0.927	0.927
1	SS	SS	0.775	0.775
2	ATC	ATC	0.681	0.681
2	RADVC	MNRADVC	0.608	0.317
2	PC	RADVC	0.951	0.008
2	CMPADVC	PADVC	0.796	0.029
2	ATC	ATC	0.536	0.536
2	ATC	ATC	0.993	0.993
2	NATC	ATC	0.968	0.017
2	AC	ATC	0.431	0.153
2	CADVC	PC	0.609	0.027
2	ATC	NATC	0.830	0.169
2	ATC	ATC	0.409	0.409
2	RADVC	PC	0.593	0.246
3	WADVC	CCSADVC	0.856	0.000
2	CCSADVC	AC	0.550	0.068
2	PADVC	PADVC	0.953	0.953
2	ATC	ATC	1.000	1.000
2	CCSADVC	CCSADVC	0.599	0.599
2	PC	RADVC	0.575	0.010
2	CCSADVC	CCSADVC	0.918	0.918
1	ATC	ATC	0.751	0.751
2	CCSADVC	CCSADVC	0.911	0.911
2	ATC	AC	0.673	0.277
1	PADVC	CMPADVC	0.416	0.201
2	OC	AC	0.959	0.002
2	AC	AC	0.608	0.608
2	CMPADVC	PADVC	0.833	0.108
1	SC	SC	0.986	0.986
2	NATC	ATC	0.635	0.200
2	PC	PC	0.829	0.829
2	CCSADVC	CCSADVC	0.970	0.970
2	WADVC	WADVC	0.582	0.582
2	ATC	ATC	0.988	0.988
2	PADVC	OC	0.232	0.226
2	AC	ATC	0.633	0.236
2	NATC	ATC	0.881	0.097
2	ATC	ATC	0.885	0.885
2	CMFS	PADVC	0.452	0.000
1	SC	SC	0.991	0.991
2	NATC	ATC	0.827	0.165
1	RADVC	MNRADVC	0.758	0.104
2	TADVC	TADVC	0.962	0.962
2	OC	OC	0.830	0.830
2	ATC	NATC	0.767	0.232
2	SC	PADVC	0.450	0.047
2	OC	OC	0.715	0.715
2	PC	PC	0.482	0.482
2	PADVC	CMPADVC	0.641	0.061
2	CCSADVC	CCSADVC	0.782	0.782
2	OC	ATC	0.951	0.004
2	PADVC	PADVC	0.611	0.611
2	AC	AC	0.602	0.602
1	CMAS	CMAS	0.680	0.680
2	RSLADVC	SC	0.654	0.006
2	OC	TADVC	0.372	0.027
2	MNRADVC	RADVC	0.939	0.027
2	RADVC	MNRADVC	0.726	0.055
2	ATC	ATC	0.940	0.940
2	CADVC	CADVC	0.932	0.932
2	PADVC	CMPADVC	0.929	0.039
2	TADVC	ATC	0.623	0.218
2	ATC	NATC	0.872	0.052
2	ATC	NATC	0.757	0.156
1	CMAS	CMAS	0.849	0.849
1	NATC	NATC	0.586	0.586
2	SC	SC	0.633	0.633
2	AC	AC	0.424	0.424
2	ATC	ATC	0.996	0.996
1	SC	SC	0.984	0.984
2	CCSADVC	CCSADVC	0.562	0.562
1	AC	ATC	0.920	0.016
2	RADVC	MNRADVC	0.642	0.035
2	CADVC	CADVC	0.915	0.915
2	ATC	ATC	0.915	0.915
2	CMPADVC	PADVC	0.966	0.011
2	CADVC	CADVC	0.402	0.402
2	CMAS	CMAS	0.786	0.786
2	ATC	TADVC	0.641	0.321
2	ATC	ATC	0.888	0.888
1	NATC	ATC	0.939	0.061
2	PC	ATC	0.486	0.020
1	ATC	ATC	0.971	0.971
2	NATC	ATC	0.985	0.014
2	PC	PC	0.953	0.953
2	OC	PC	0.257	0.031
2	OC	OC	0.812	0.812
2	PC	PC	0.407	0.407
1	ATC	NATC	0.976	0.018
2	ATC	ATC	0.981	0.981
1	SS	SS	0.808	0.808
2	MNRADVC	RADVC	0.962	0.022
2	CCSADVC	CCSADVC	0.776	0.776
2	CMAS	CMAS	0.739	0.739
2	TADVC	TADVC	0.814	0.814
1	AC	ATC	0.576	0.258
2	MNRADVC	RADVC	0.645	0.093
2	ATC	NATC	0.963	0.035
2	WADVC	WADVC	0.383	0.383
2	ATC	ATC	0.991	0.991
2	AC	AC	0.683	0.683
2	AC	AC	0.628	0.628
2	NATC	ATC	0.578	0.403
2	AC	PC	0.432	0.046
3	PC	ATC	0.602	0.112
2	NATC	ATC	0.986	0.013
2	CADVC	CADVC	0.899	0.899
2	CMFS	CMFS	0.600	0.600
2	OC	ATC	0.855	0.015
2	ATC	NATC	0.965	0.019
2	CMPADVC	PADVC	0.939	0.005
2	MNRADVC	RADVC	0.965	0.016
2	OC	OC	0.718	0.718
2	PC	PC	0.307	0.307
2	SC	SC	0.804	0.804
2	MNRADVC	RADVC	0.562	0.311
1	SC	ATC	0.636	0.059
2	CADVC	CADVC	0.755	0.755
2	CMPADVC	PADVC	0.953	0.016
2	OC	ATC	0.725	0.006
2	RADVC	RADVC	0.906	0.906
1	NATC	ATC	0.967	0.010
1	CMPADVC	PADVC	0.961	0.013
2	ATC	ATC	0.994	0.994
2	PC	PC	0.733	0.733
2	CMBS	CMAS	0.390	0.262
2	ATC	ATC	0.873	0.873
2	MNRADVC	RADVC	0.947	0.007
1	NATC	ATC	0.987	0.006
2	ATC	OC	0.690	0.080
2	WADVC	WADVC	0.894	0.894
3	OC	OC	0.695	0.695
1	ATC	ATC	0.837	0.837
2	MNRADVC	RADVC	0.973	0.017
2	ATC	ATC	0.578	0.578
2	TADVC	TADVC	0.962	0.962
2	ATC	ATC	0.988	0.988
2	PC	PC	0.882	0.882
2	ATC	ATC	0.860	0.860
2	NATC	ATC	0.974	0.009
2	MNRADVC	RADVC	0.979	0.008
2	PADVC	CMPADVC	0.956	0.007
2	CADVC	CADVC	0.852	0.852
1	OC	OC	0.749	0.749
3	ATC	CADVC	0.737	0.177
3	PC	PC	0.911	0.911
2	ATC	NATC	0.978	0.017
2	CCSADVC	CCSADVC	0.341	0.341
2	PC	PC	0.870	0.870
2	ATC	ATC	0.989	0.989
2	RADVC	MNRADVC	0.929	0.004
2	ATC	NATC	0.981	0.019
2	TADVC	TADVC	0.784	0.784
2	PC	PC	0.975	0.975
2	MNRADVC	RADVC	0.975	0.009
1	ATC	ATC	0.672	0.672
2	ATC	ATC	0.902	0.902
2	CCSADVC	CCSADVC	0.710	0.710
2	ATC	NATC	0.967	0.030
2	ATC	NATC	0.977	0.022
2	CCSADVC	CCSADVC	0.884	0.884
1	SS	SS	0.681	0.681
2	ATC	ATC	0.948	0.948
2	RADVC	RADVC	0.562	0.562
2	PC	RADVC	0.939	0.008
2	CMPADVC	PADVC	0.951	0.006
2	ATC	ATC	0.639	0.639
2	ATC	ATC	0.985	0.985
2	NATC	ATC	0.984	0.006
2	AC	ATC	0.605	0.119
2	CADVC	AC	0.428	0.039
2	ATC	NATC	0.969	0.030
2	ATC	WADVC	0.605	0.219
2	RADVC	RADVC	0.645	0.645
3	WADVC	CCSADVC	0.635	0.009
2	CCSADVC	OC	0.591	0.015
2	PADVC	PADVC	0.628	0.628
2	ATC	ATC	1.000	1.000
2	CCSADVC	CCSADVC	0.723	0.723
2	PC	RADVC	0.746	0.010
2	CCSADVC	CCSADVC	0.956	0.956
1	ATC	ATC	0.818	0.818
2	CCSADVC	CCSADVC	0.918	0.918
2	ATC	ATC	0.850	0.850
1	PADVC	PADVC	0.353	0.353
2	OC	AC	0.721	0.085
2	AC	ATC	0.628	0.237
2	CMPADVC	PADVC	0.964	0.020
1	SC	SC	0.921	0.921
2	NATC	ATC	0.953	0.009
2	PC	PC	0.447	0.447
2	CCSADVC	CCSADVC	0.989	0.989
2	WADVC	WADVC	0.806	0.806
2	ATC	ATC	0.973	0.973
2	PADVC	OC	0.271	0.242
2	AC	ATC	0.706	0.146
2	NATC	ATC	0.982	0.016
2	ATC	ATC	0.957	0.957
2	CMFS	CMAS	0.377	0.004
1	SC	SC	0.908	0.908
2	NATC	ATC	0.971	0.026
1	RADVC	MNRADVC	0.932	0.035
2	TADVC	TADVC	0.915	0.915
2	OC	OC	0.872	0.872
2	ATC	NATC	0.960	0.038
2	SC	OC	0.356	0.194
2	OC	OC	0.644	0.644
2	PC	PC	0.656	0.656
2	PADVC	CMPADVC	0.936	0.008
2	CCSADVC	CCSADVC	0.831	0.831
2	OC	ATC	0.928	0.020
2	PADVC	PADVC	0.741	0.741
2	AC	AC	0.473	0.473
1	CMAS	CMAS	0.800	0.800
2	RSLADVC	SC	0.581	0.006
2	OC	OC	0.314	0.314
2	MNRADVC	RADVC	0.979	0.009
2	RADVC	MNRADVC	0.944	0.017
2	ATC	ATC	0.952	0.952
2	CADVC	CADVC	0.935	0.935
2	PADVC	CMPADVC	0.969	0.015
2	TADVC	ATC	0.566	0.364
2	ATC	NATC	0.956	0.017
2	ATC	NATC	0.955	0.012
1	CMAS	CMAS	0.783	0.783
1	NATC	ATC	0.837	0.161
2	SC	SC	0.700	0.700
2	AC	AC	0.478	0.478
2	ATC	ATC	0.990	0.990
1	SC	SC	0.925	0.925
2	CCSADVC	CCSADVC	0.751	0.751
1	AC	ATC	0.439	0.153
2	RADVC	MNRADVC	0.931	0.011
2	CADVC	CADVC	0.626	0.626
2	ATC	ATC	0.924	0.924
2	CMPADVC	PADVC	0.971	0.006
2	CADVC	CADVC	0.481	0.481
2	CMAS	CMAS	0.637	0.637
2	ATC	TADVC	0.502	0.436
2	ATC	ATC	0.907	0.907
1	NATC	ATC	0.984	0.016
2	PC	ATC	0.540	0.287
1	ATC	ATC	0.992	0.992
