2	ATC	AC	0.330	0.121
2	AC	AC	0.947	0.947
2	PADVC	CMPADVC	0.944	0.013
2	CCSADVC	CCSADVC	0.945	0.945
2	ATC	ATC	0.999	0.999
2	CMFS	CMFS	0.388	0.388
2	CMPADVC	PADVC	0.973	0.004
2	RADVC	RADVC	0.714	0.714
2	WADVC	WADVC	0.993	0.993
2	CMFS	CMFS	0.607	0.607
2	MNRADVC	RADVC	0.944	0.000
1	OC	OC	0.688	0.688
2	MNRADVC	RADVC	0.977	0.019
4	PC	PC	0.940	0.940
2	PADVC	CMPADVC	0.982	0.010
2	RADVC	RADVC	0.982	0.982
2	PADVC	CMPADVC	0.959	0.018
3	OC	OC	0.428	0.428
2	ATC	ATC	0.958	0.958
2	TADVC	PC	0.433	0.116
1	SC	SC	0.959	0.959
2	PC	PC	0.796	0.796
2	TADVC	CMFS	0.589	0.047
2	CMPADVC	PADVC	0.972	0.015
2	ATC	NATC	0.980	0.020
2	CMFS	CMFS	0.584	0.584
2	ATC	NATC	0.978	0.021
2	CCSADVC	CCSADVC	1.000	1.000
2	TADVC	TADVC	0.971	0.971
2	OC	OC	0.835	0.835
2	ATC	ATC	0.991	0.991
2	AC	AC	0.439	0.439
2	ATC	ATC	0.977	0.977
2	ATC	ATC	0.525	0.525
2	CADVC	CADVC	0.899	0.899
2	SC	ATC	0.226	0.114
3	ATC	ATC	0.890	0.890
2	OC	OC	0.724	0.724
2	ATC	NATC	0.991	0.007
2	CADVC	CADVC	0.887	0.887
2	RSLADVC	ATC	0.881	0.024
2	TADVC	ATC	0.728	0.262
2	OC	OC	0.626	0.626
2	NATC	ATC	0.990	0.010
2	OC	OC	0.973	0.973
2	RADVC	CMFS	0.469	0.020
4	CCSADVC	CCSADVC	0.583	0.583
2	ATC	TADVC	0.839	0.128
2	AC	AC	0.493	0.493
2	CMFS	CMFS	0.744	0.744
2	NATC	ATC	0.959	0.033
1	OC	TADVC	0.767	0.021
2	CMCS	CMBS	0.665	0.003
2	OC	AC	0.508	0.438
1	ATC	NATC	0.981	0.007
2	RADVC	MNRADVC	0.943	0.032
2	CMPADVC	PADVC	0.961	0.023
2	RADVC	MNRADVC	0.904	0.055
2	PADVC	PADVC	0.694	0.694
2	RADVC	RADVC	0.753	0.753
2	AC	AC	0.471	0.471
3	CCSADVC	CCSADVC	0.631	0.631
2	TADVC	TADVC	0.955	0.955
2	CCSADVC	CCSADVC	0.762	0.762
2	ATC	ATC	0.890	0.890
1	WADVC	WADVC	0.983	0.983
2	AC	ATC	0.771	0.048
1	NATC	ATC	0.989	0.006
2	AC	AC	0.959	0.959
2	TADVC	TADVC	0.318	0.318
2	CCSADVC	CCSADVC	0.953	0.953
1	ATC	WADVC	0.843	0.023
2	TADVC	TADVC	0.683	0.683
2	CADVC	CADVC	0.968	0.968
2	ATC	ATC	0.985	0.985
2	CCSADVC	CCSADVC	0.998	0.998
1	CMPADVC	PADVC	0.964	0.001
2	TADVC	TADVC	0.821	0.821
2	AC	AC	0.927	0.927
2	MNRADVC	RADVC	0.975	0.018
2	OC	OC	0.450	0.450
2	PADVC	PADVC	0.613	0.613
2	SC	SC	0.713	0.713
2	RADVC	ATC	0.315	0.208
2	PADVC	PADVC	0.364	0.364
2	PC	MNRADVC	0.559	0.096
1	ATC	NATC	0.974	0.011
2	ATC	ATC	0.810	0.810
2	NATC	ATC	0.999	0.001
2	CCSADVC	CCSADVC	0.996	0.996
1	SC	SC	0.818	0.818
2	AC	AC	0.466	0.466
1	SS	SS	0.860	0.860
2	CADVC	CADVC	0.727	0.727
1	SC	TADVC	0.673	0.211
2	ATC	PC	0.522	0.166
2	CMBS	CMBS	0.689	0.689
2	ATC	NATC	0.955	0.044
2	ATC	ATC	0.645	0.645
1	SS	SS	0.943	0.943
2	WADVC	WADVC	0.838	0.838
2	ATC	ATC	0.978	0.978
2	CADVC	CADVC	0.983	0.983
2	CADVC	CADVC	0.679	0.679
2	PC	MNRADVC	0.551	0.076
2	ATC	ATC	0.992	0.992
2	WADVC	WADVC	0.469	0.469
2	OC	CADVC	0.829	0.037
2	ATC	ATC	0.990	0.990
2	NATC	ATC	0.960	0.005
2	PADVC	CMPADVC	0.959	0.008
2	CMFS	CMFS	0.645	0.645
2	RSLADVC	ATC	0.787	0.141
2	ATC	NATC	0.979	0.021
1	SC	SC	0.998	0.998
1	PADVC	OC	0.435	0.286
2	ATC	ATC	0.999	0.999
2	ATC	ATC	0.905	0.905
2	NATC	ATC	0.989	0.007
2	PADVC	PADVC	0.925	0.925
2	ATC	AC	0.653	0.041
2	ATC	ATC	0.896	0.896
1	AC	ATC	0.430	0.388
2	CMBS	ATC	0.209	0.108
2	MNRADVC	MNRADVC	0.904	0.904
3	ATC	NATC	0.978	0.022
2	OC	AC	0.281	0.026
2	CMBS	OC	0.240	0.027
2	ATC	ATC	0.830	0.830
1	SC	SC	0.751	0.751
2	TADVC	TADVC	0.910	0.910
1	ATC	NATC	0.974	0.011
2	CCSADVC	CCSADVC	0.994	0.994
2	PC	PC	0.771	0.771
2	CCSADVC	CCSADVC	0.995	0.995
2	RSLADVC	PADVC	0.693	0.002
2	CMFS	CADVC	0.525	0.289
2	ATC	NATC	0.962	0.019
3	CCSADVC	CCSADVC	0.977	0.977
2	MNRADVC	ATC	0.315	0.081
2	RADVC	RADVC	0.989	0.989
1	PADVC	CMPADVC	0.970	0.016
1	CADVC	CADVC	0.925	0.925
2	AC	AC	0.884	0.884
2	CMFS	TADVC	0.548	0.023
2	CMPADVC	PADVC	0.981	0.012
2	RADVC	MNRADVC	0.964	0.017
2	TADVC	AC	0.878	0.008
2	TADVC	TADVC	0.902	0.902
2	CMBS	SS	0.235	0.226
2	TADVC	TADVC	0.702	0.702
2	CCSADVC	OC	0.706	0.007
2	PADVC	CMPADVC	0.976	0.008
2	CMPADVC	PADVC	0.971	0.011
2	TADVC	ATC	0.694	0.079
1	CMBS	CMBS	0.950	0.950
1	SC	SC	0.983	0.983
2	ATC	NATC	0.954	0.028
2	PADVC	CMPADVC	0.964	0.003
2	ATC	ATC	0.999	0.999
2	ATC	AC	0.579	0.306
2	AC	AC	0.594	0.594
2	PADVC	CMPADVC	0.618	0.124
2	CCSADVC	CCSADVC	0.825	0.825
2	ATC	ATC	0.994	0.994
2	CMFS	CMFS	0.612	0.612
2	CMPADVC	PADVC	0.945	0.016
2	RADVC	RADVC	0.618	0.618
2	WADVC	WADVC	0.994	0.994
2	CMFS	CMFS	0.879	0.879
2	MNRADVC	RADVC	0.845	0.001
1	OC	OC	0.549	0.549
2	MNRADVC	RADVC	0.804	0.162
4	PC	PC	0.537	0.537
2	PADVC	CMPADVC	0.963	0.025
2	RADVC	RADVC	0.975	0.975
2	PADVC	CMPADVC	0.858	0.060
3	OC	OC	0.716	0.716
2	ATC	ATC	0.592	0.592
2	TADVC	CMPADVC	0.305	0.087
1	SC	SC	0.941	0.941
2	PC	PC	0.977	0.977
2	TADVC	CMFS	0.373	0.119
2	CMPADVC	PADVC	0.691	0.111
2	ATC	NATC	0.766	0.233
2	CMFS	CMFS	0.411	0.411
2	ATC	NATC	0.880	0.119
2	CCSADVC	CCSADVC	0.994	0.994
2	TADVC	TADVC	0.996	0.996
2	OC	OC	0.857	0.857
2	ATC	ATC	0.999	0.999
2	AC	AC	0.597	0.597
2	ATC	ATC	0.992	0.992
2	ATC	CADVC	0.356	0.181
2	CADVC	SC	0.403	0.073
2	SC	PADVC	0.628	0.094
3	ATC	PC	0.739	0.255
2	OC	OC	0.593	0.593
2	ATC	NATC	0.993	0.003
2	CADVC	NATC	0.458	0.053
2	RSLADVC	ATC	0.764	0.084
2	TADVC	ATC	0.914	0.050
2	OC	CADVC	0.409	0.196
2	NATC	ATC	0.977	0.023
2	OC	OC	0.777	0.777
2	RADVC	CMFS	0.606	0.010
4	CCSADVC	CCSADVC	0.813	0.813
2	ATC	TADVC	0.677	0.113
2	AC	WADVC	0.803	0.099
2	CMFS	CMFS	0.899	0.899
2	NATC	ATC	0.658	0.260
1	OC	TADVC	0.766	0.069
2	CMCS	CADVC	0.269	0.002
2	OC	OC	0.842	0.842
1	ATC	NATC	0.928	0.008
2	RADVC	MNRADVC	0.733	0.116
2	CMPADVC	PADVC	0.618	0.288
2	RADVC	MNRADVC	0.719	0.171
2	PADVC	PADVC	0.328	0.328
2	RADVC	RADVC	0.785	0.785
2	AC	AC	0.843	0.843
3	CCSADVC	CCSADVC	0.500	0.500
2	TADVC	TADVC	0.651	0.651
2	CCSADVC	AC	0.626	0.012
2	ATC	ATC	0.490	0.490
1	WADVC	WADVC	0.997	0.997
2	AC	PADVC	0.385	0.148
1	NATC	ATC	0.974	0.019
2	AC	AC	0.886	0.886
2	TADVC	PADVC	0.463	0.061
2	CCSADVC	CCSADVC	0.820	0.820
1	ATC	WADVC	0.640	0.261
2	TADVC	TADVC	0.907	0.907
2	CADVC	CADVC	0.981	0.981
2	ATC	ATC	0.976	0.976
2	CCSADVC	CCSADVC	0.984	0.984
1	CMPADVC	PADVC	0.751	0.031
2	TADVC	TADVC	0.533	0.533
2	AC	AC	0.945	0.945
2	MNRADVC	RADVC	0.922	0.042
2	OC	OC	0.535	0.535
2	PADVC	PADVC	0.696	0.696
2	SC	SC	0.633	0.633
2	RADVC	ATC	0.933	0.014
2	PADVC	SC	0.365	0.151
2	PC	MNRADVC	0.757	0.015
1	ATC	NATC	0.918	0.031
2	ATC	ATC	0.973	0.973
2	NATC	NATC	0.687	0.687
2	CCSADVC	CCSADVC	0.985	0.985
1	SC	AC	0.487	0.267
2	AC	ATC	0.390	0.360
1	SS	SS	0.973	0.973
2	CADVC	CADVC	0.991	0.991
1	SC	TADVC	0.282	0.263
2	ATC	ATC	0.814	0.814
2	CMBS	CMBS	0.570	0.570
2	ATC	NATC	0.836	0.162
2	ATC	ATC	0.593	0.593
1	SS	SS	0.931	0.931
2	WADVC	WADVC	0.502	0.502
2	ATC	ATC	0.997	0.997
2	CADVC	CADVC	0.836	0.836
2	CADVC	RADVC	0.335	0.254
2	PC	RADVC	0.528	0.007
2	ATC	ATC	0.908	0.908
2	WADVC	WADVC	0.502	0.502
2	OC	CADVC	0.802	0.067
2	ATC	ATC	0.996	0.996
2	NATC	ATC	0.891	0.037
2	PADVC	CMPADVC	0.658	0.102
2	CMFS	CMFS	0.780	0.780
2	RSLADVC	SC	0.492	0.139
2	ATC	NATC	0.804	0.194
1	SC	SC	0.981	0.981
1	PADVC	PADVC	0.298	0.298
2	ATC	NATC	0.687	0.313
2	ATC	ATC	0.986	0.986
2	NATC	ATC	0.973	0.011
2	PADVC	PADVC	0.910	0.910
2	ATC	AC	0.738	0.097
2	ATC	ATC	0.322	0.322
1	AC	ATC	0.929	0.010
2	CMBS	PC	0.464	0.194
2	MNRADVC	MNRADVC	0.719	0.719
3	ATC	NATC	0.900	0.094
2	OC	AC	0.420	0.028
2	CMBS	CMBS	0.228	0.228
2	ATC	ATC	0.602	0.602
1	SC	SC	0.971	0.971
2	TADVC	TADVC	0.603	0.603
1	ATC	NATC	0.918	0.031
2	CCSADVC	CCSADVC	0.691	0.691
2	PC	PC	0.880	0.880
2	CCSADVC	CCSADVC	0.979	0.979
2	RSLADVC	PADVC	0.836	0.000
2	CMFS	CMFS	0.702	0.702
2	ATC	NATC	0.718	0.240
3	CCSADVC	CCSADVC	0.941	0.941
2	MNRADVC	ATC	0.933	0.006
2	RADVC	RADVC	0.946	0.946
1	PADVC	CMPADVC	0.863	0.088
1	CADVC	CADVC	0.952	0.952
2	AC	AC	0.600	0.600
2	CMFS	PC	0.264	0.036
2	CMPADVC	PADVC	0.892	0.070
2	RADVC	MNRADVC	0.799	0.149
2	TADVC	PADVC	0.709	0.068
2	TADVC	TADVC	0.846	0.846
2	CMBS	SS	0.247	0.212
2	TADVC	PC	0.561	0.175
2	CCSADVC	AC	0.581	0.026
2	PADVC	CMPADVC	0.908	0.016
2	CMPADVC	PADVC	0.891	0.042
2	TADVC	AC	0.536	0.153
1	CMBS	SS	0.541	0.334
1	SC	SC	0.993	0.993
2	ATC	NATC	0.900	0.022
2	PADVC	CMPADVC	0.868	0.017
2	ATC	ATC	0.998	0.998
2	ATC	AC	0.479	0.225
2	AC	AC	0.883	0.883
2	PADVC	CMPADVC	0.931	0.011
2	CCSADVC	CCSADVC	0.922	0.922
2	ATC	ATC	0.994	0.994
2	CMFS	CMFS	0.273	0.273
2	CMPADVC	PADVC	0.964	0.008
2	RADVC	RADVC	0.450	0.450
2	WADVC	WADVC	0.982	0.982
2	CMFS	CMFS	0.440	0.440
2	MNRADVC	RADVC	0.938	0.001
1	OC	OC	0.458	0.458
2	MNRADVC	RADVC	0.964	0.027
4	PC	PC	0.788	0.788
2	PADVC	CMPADVC	0.973	0.011
2	RADVC	RADVC	0.955	0.955
2	PADVC	CMPADVC	0.953	0.018
3	OC	OC	0.602	0.602
2	ATC	ATC	0.911	0.911
2	TADVC	TADVC	0.185	0.185
1	SC	SC	0.908	0.908
2	PC	PC	0.916	0.916
2	TADVC	CMFS	0.185	0.160
2	CMPADVC	PADVC	0.963	0.016
2	ATC	NATC	0.970	0.029
2	CMFS	CMFS	0.707	0.707
2	ATC	NATC	0.973	0.025
2	CCSADVC	CCSADVC	0.997	0.997
2	TADVC	TADVC	0.949	0.949
2	OC	OC	0.771	0.771
2	ATC	ATC	0.996	0.996
2	AC	AC	0.506	0.506
2	ATC	ATC	0.970	0.970
2	ATC	OC	0.364	0.221
2	CADVC	CADVC	0.663	0.663
2	SC	OC	0.259	0.213
3	ATC	ATC	0.730	0.730
2	OC	OC	0.455	0.455
2	ATC	NATC	0.985	0.010
2	CADVC	CADVC	0.529	0.529
2	RSLADVC	ATC	0.704	0.028
2	TADVC	ATC	0.850	0.111
2	OC	OC	0.332	0.332
2	NATC	ATC	0.992	0.008
2	OC	OC	0.947	0.947
2	RADVC	CMFS	0.352	0.064
4	CCSADVC	CCSADVC	0.822	0.822
2	ATC	TADVC	0.577	0.194
2	AC	WADVC	0.472	0.295
2	CMFS	CMFS	0.687	0.687
2	NATC	ATC	0.951	0.037
1	OC	TADVC	0.468	0.132
2	CMCS	CMBS	0.551	0.002
2	OC	OC	0.632	0.632
1	ATC	NATC	0.975	0.007
2	RADVC	MNRADVC	0.944	0.028
2	CMPADVC	PADVC	0.946	0.028
2	RADVC	MNRADVC	0.776	0.141
2	PADVC	ATC	0.339	0.292
2	RADVC	RADVC	0.465	0.465
2	AC	AC	0.632	0.632
3	CCSADVC	CCSADVC	0.446	0.446
2	TADVC	TADVC	0.806	0.806
2	CCSADVC	SC	0.345	0.311
2	ATC	ATC	0.627	0.627
1	WADVC	WADVC	0.986	0.986
2	AC	ATC	0.517	0.203
1	NATC	ATC	0.985	0.008
2	AC	AC	0.774	0.774
2	TADVC	CCSADVC	0.192	0.146
2	CCSADVC	CCSADVC	0.878	0.878
1	ATC	WADVC	0.810	0.050
2	TADVC	TADVC	0.739	0.739
2	CADVC	CADVC	0.833	0.833
2	ATC	ATC	0.974	0.974
2	CCSADVC	CCSADVC	0.988	0.988
1	CMPADVC	PADVC	0.947	0.005
2	TADVC	TADVC	0.906	0.906
2	AC	AC	0.896	0.896
2	MNRADVC	RADVC	0.968	0.016
2	OC	OC	0.631	0.631
2	PADVC	PADVC	0.463	0.463
2	SC	SC	0.879	0.879
2	RADVC	ATC	0.445	0.121
2	PADVC	PADVC	0.309	0.309
2	PC	MNRADVC	0.477	0.037
1	ATC	NATC	0.969	0.011
2	ATC	ATC	0.830	0.830
2	NATC	ATC	0.939	0.060
2	CCSADVC	CCSADVC	0.994	0.994
1	SC	SC	0.796	0.796
2	AC	AC	0.389	0.389
1	SS	SS	0.944	0.944
2	CADVC	CADVC	0.797	0.797
1	SC	SC	0.514	0.514
2	ATC	ATC	0.657	0.657
2	CMBS	CMBS	0.575	0.575
2	ATC	NATC	0.962	0.036
2	ATC	ATC	0.606	0.606
1	SS	SS	0.910	0.910
2	WADVC	WADVC	0.652	0.652
2	ATC	ATC	0.991	0.991
2	CADVC	CADVC	0.952	0.952
2	CADVC	CADVC	0.556	0.556
2	PC	MNRADVC	0.448	0.056
2	ATC	ATC	0.966	0.966
2	WADVC	WADVC	0.562	0.562
2	OC	CADVC	0.605	0.115
2	ATC	ATC	0.994	0.994
2	NATC	ATC	0.968	0.004
2	PADVC	CMPADVC	0.937	0.015
2	CMFS	CMFS	0.678	0.678
2	RSLADVC	ATC	0.626	0.078
2	ATC	NATC	0.970	0.029
1	SC	SC	0.978	0.978
1	PADVC	PADVC	0.227	0.227
2	ATC	ATC	0.939	0.939
2	ATC	ATC	0.971	0.971
2	NATC	ATC	0.990	0.007
2	PADVC	PADVC	0.710	0.710
2	ATC	AC	0.543	0.046
2	ATC	ATC	0.577	0.577
1	AC	ATC	0.515	0.288
2	CMBS	PC	0.239	0.050
2	MNRADVC	MNRADVC	0.776	0.776
3	ATC	NATC	0.973	0.022
2	OC	PC	0.489	0.022
2	CMBS	TADVC	0.152	0.054
2	ATC	ATC	0.912	0.912
1	SC	SC	0.836	0.836
2	TADVC	TADVC	0.900	0.900
1	ATC	NATC	0.969	0.011
2	CCSADVC	CCSADVC	0.987	0.987
2	PC	PC	0.735	0.735
2	CCSADVC	CCSADVC	0.993	0.993
2	RSLADVC	PADVC	0.616	0.004
2	CMFS	CADVC	0.532	0.303
2	ATC	NATC	0.964	0.016
3	CCSADVC	CCSADVC	0.965	0.965
2	MNRADVC	ATC	0.445	0.057
2	RADVC	RADVC	0.965	0.965
1	PADVC	CMPADVC	0.954	0.024
1	CADVC	CADVC	0.893	0.893
2	AC	AC	0.837	0.837
2	CMFS	TADVC	0.377	0.024
2	CMPADVC	PADVC	0.970	0.015
2	RADVC	MNRADVC	0.960	0.022
2	TADVC	AC	0.377	0.073
2	TADVC	TADVC	0.863	0.863
2	CMBS	SS	0.264	0.167
2	TADVC	TADVC	0.609	0.609
2	CCSADVC	OC	0.576	0.015
2	PADVC	CMPADVC	0.968	0.010
2	CMPADVC	PADVC	0.968	0.012
2	TADVC	ATC	0.395	0.340
1	CMBS	CMBS	0.823	0.823
1	SC	SC	0.965	0.965
2	ATC	NATC	0.953	0.019
2	PADVC	CMPADVC	0.947	0.006
2	ATC	ATC	0.995	0.995
