2	CCSADVC	CCSADVC	0.944	0.944
2	NATC	ATC	0.875	0.120
2	AC	AC	0.918	0.918
3	OC	OC	0.737	0.737
2	WADVC	WADVC	0.915	0.915
2	AC	AC	0.950	0.950
2	OC	OC	0.795	0.795
3	OC	OC	0.904	0.904
2	ATC	ATC	0.953	0.953
2	ATC	NATC	0.968	0.014
2	CMFS	CADVC	0.463	0.288
2	ATC	ATC	0.464	0.464
1	PC	PC	0.930	0.930
2	CADVC	CADVC	0.489	0.489
2	RSLADVC	AC	0.449	0.020
3	ATC	NATC	0.841	0.154
1	SC	AC	0.787	0.022
2	PC	PC	0.859	0.859
2	RADVC	MNRADVC	0.910	0.059
2	RADVC	MNRADVC	0.832	0.139
2	WADVC	WADVC	0.997	0.997
2	SC	SC	0.581	0.581
3	ATC	ATC	0.505	0.505
2	OC	AC	0.452	0.011
2	CCSADVC	CCSADVC	0.964	0.964
2	PC	PC	0.271	0.271
1	SC	SC	0.440	0.440
2	AC	AC	0.956	0.956
2	ATC	ATC	0.796	0.796
1	SC	SC	0.966	0.966
2	RADVC	RADVC	0.839	0.839
2	PC	RADVC	0.968	0.003
1	CMCS	CMBS	0.919	0.002
2	OC	OC	0.536	0.536
2	PC	PC	0.803	0.803
2	ATC	ATC	0.705	0.705
2	PADVC	CMPADVC	0.612	0.164
1	RADVC	TADVC	0.172	0.003
2	CADVC	CCSADVC	0.827	0.048
1	NATC	ATC	0.736	0.084
2	PC	ATC	0.837	0.088
2	PC	ATC	0.654	0.005
1	PADVC	CMPADVC	0.885	0.069
2	NATC	ATC	0.796	0.203
1	SS	SS	0.803	0.803
2	OC	OC	0.975	0.975
1	SC	SC	0.992	0.992
2	OC	OC	0.817	0.817
2	ATC	ATC	0.989	0.989
2	MNRADVC	RADVC	0.868	0.036
2	CCSADVC	CCSADVC	0.324	0.324
2	ATC	ATC	0.989	0.989
1	NATC	ATC	0.924	0.067
1	CMBS	SS	0.423	0.332
1	SC	SC	0.701	0.701
2	RADVC	RADVC	0.974	0.974
2	MNRADVC	RADVC	0.894	0.077
1	NATC	ATC	0.966	0.034
1	SC	SC	0.991	0.991
1	SC	SC	0.953	0.953
1	ATC	ATC	0.538	0.538
2	AC	AC	0.979	0.979
2	OC	OC	0.926	0.926
2	ATC	ATC	0.886	0.886
2	NATC	ATC	0.973	0.027
2	CMPADVC	PADVC	0.875	0.048
2	ATC	NATC	0.876	0.113
2	CMFS	CADVC	0.477	0.375
1	SS	SS	0.944	0.944
2	RADVC	MNRADVC	0.602	0.037
2	NATC	ATC	0.960	0.039
2	CMFS	ATC	0.380	0.314
2	CMPADVC	PADVC	0.901	0.070
2	MNRADVC	RADVC	0.549	0.033
2	TADVC	TADVC	0.858	0.858
2	CADVC	CADVC	0.673	0.673
2	TADVC	TADVC	0.679	0.679
2	TADVC	TADVC	0.856	0.856
2	RADVC	TADVC	0.652	0.254
2	CADVC	CADVC	0.879	0.879
2	NATC	ATC	0.901	0.096
2	TADVC	TADVC	0.461	0.461
2	AC	OC	0.287	0.225
2	OC	ATC	0.930	0.044
2	NATC	ATC	0.531	0.468
2	ATC	ATC	0.995	0.995
2	ATC	TADVC	0.527	0.441
2	TADVC	TADVC	0.848	0.848
2	ATC	NATC	0.609	0.389
3	PC	PC	0.900	0.900
2	PADVC	OC	0.828	0.045
3	CMAS	ATC	0.773	0.014
2	NATC	TADVC	0.527	0.022
1	RADVC	MNRADVC	0.684	0.001
2	ATC	ATC	0.836	0.836
2	OC	AC	0.696	0.111
2	PC	RADVC	0.966	0.000
2	CADVC	CADVC	0.799	0.799
2	ATC	ATC	0.881	0.881
4	PC	NATC	0.543	0.435
2	ATC	NATC	0.874	0.084
2	TADVC	TADVC	0.714	0.714
2	CADVC	CADVC	0.931	0.931
2	TADVC	AC	0.570	0.161
2	PADVC	CMPADVC	0.832	0.031
1	SC	SC	0.940	0.940
1	RADVC	MNRADVC	0.823	0.001
2	NATC	ATC	0.951	0.031
1	TADVC	ATC	0.239	0.000
3	CCSADVC	ATC	0.390	0.303
2	ATC	ATC	0.496	0.496
2	PADVC	CADVC	0.514	0.235
2	CADVC	OC	0.664	0.006
2	PC	MNRADVC	0.476	0.004
2	CCSADVC	OC	0.487	0.022
2	SC	SC	0.411	0.411
2	ATC	ATC	0.714	0.714
2	PC	PC	0.896	0.896
1	SC	SC	0.672	0.672
2	ATC	TADVC	0.479	0.101
1	NATC	ATC	0.969	0.031
2	RADVC	MNRADVC	0.901	0.038
2	MNRADVC	MNRADVC	0.507	0.507
2	NATC	RADVC	0.336	0.327
2	ATC	ATC	0.973	0.973
2	AC	AC	0.425	0.425
2	CMAS	CMAS	0.916	0.916
2	TADVC	TADVC	0.814	0.814
1	SC	CMPADVC	0.373	0.018
2	ATC	ATC	0.919	0.919
2	ATC	NATC	0.984	0.009
2	ATC	ATC	0.531	0.531
2	CMPADVC	CMPADVC	0.612	0.612
2	TADVC	PADVC	0.382	0.174
2	PADVC	CMPADVC	0.619	0.129
2	WADVC	CCSADVC	0.659	0.296
2	OC	PC	0.849	0.041
2	AC	AC	0.865	0.865
2	RADVC	MNRADVC	0.507	0.383
2	SC	SC	0.719	0.719
2	CMBS	CMBS	0.630	0.630
2	CMAS	CMBS	0.580	0.260
2	CCSADVC	CCSADVC	0.896	0.896
2	RADVC	MNRADVC	0.736	0.017
2	NATC	ATC	0.705	0.280
2	ATC	ATC	0.662	0.662
1	ATC	WADVC	0.534	0.365
2	ATC	ATC	0.500	0.500
2	PC	PC	0.996	0.996
2	TADVC	TADVC	0.897	0.897
2	ATC	RADVC	0.336	0.140
2	PADVC	CADVC	0.736	0.105
2	TADVC	RADVC	0.316	0.016
2	CMBS	CMBS	0.563	0.563
2	SC	SC	0.947	0.947
3	CCSADVC	CCSADVC	0.856	0.856
2	NATC	NATC	0.874	0.874
2	AC	WADVC	0.860	0.081
2	TADVC	TADVC	0.992	0.992
2	SC	SC	0.711	0.711
2	CCSADVC	CCSADVC	0.944	0.944
2	NATC	ATC	0.875	0.120
2	AC	AC	0.918	0.918
3	OC	OC	0.737	0.737
2	WADVC	WADVC	0.915	0.915
2	AC	AC	0.950	0.950
2	OC	OC	0.795	0.795
3	OC	OC	0.904	0.904
2	ATC	ATC	0.953	0.953
2	ATC	NATC	0.968	0.014
2	CMFS	CADVC	0.463	0.288
2	ATC	ATC	0.464	0.464
1	PC	PC	0.930	0.930
2	CADVC	CADVC	0.489	0.489
2	RSLADVC	AC	0.449	0.020
3	ATC	NATC	0.841	0.154
1	SC	AC	0.787	0.022
2	PC	PC	0.859	0.859
2	RADVC	MNRADVC	0.910	0.059
2	RADVC	MNRADVC	0.832	0.139
2	WADVC	WADVC	0.997	0.997
2	SC	SC	0.581	0.581
3	ATC	ATC	0.505	0.505
2	OC	AC	0.452	0.011
2	CCSADVC	CCSADVC	0.964	0.964
2	PC	PC	0.271	0.271
1	SC	SC	0.440	0.440
2	AC	AC	0.956	0.956
2	ATC	ATC	0.796	0.796
1	SC	SC	0.966	0.966
2	RADVC	RADVC	0.839	0.839
2	PC	RADVC	0.968	0.003
1	CMCS	CMBS	0.919	0.002
2	OC	OC	0.536	0.536
2	PC	PC	0.803	0.803
2	ATC	ATC	0.705	0.705
2	PADVC	CMPADVC	0.612	0.164
1	RADVC	TADVC	0.172	0.003
2	CADVC	CCSADVC	0.827	0.048
1	NATC	ATC	0.736	0.084
2	PC	ATC	0.837	0.088
2	PC	ATC	0.654	0.005
1	PADVC	CMPADVC	0.885	0.069
2	NATC	ATC	0.796	0.203
1	SS	SS	0.803	0.803
2	OC	OC	0.975	0.975
1	SC	SC	0.992	0.992
2	OC	OC	0.817	0.817
2	ATC	ATC	0.989	0.989
2	MNRADVC	RADVC	0.868	0.036
2	CCSADVC	CCSADVC	0.324	0.324
2	ATC	ATC	0.989	0.989
1	NATC	ATC	0.924	0.067
1	CMBS	SS	0.423	0.332
1	SC	SC	0.701	0.701
2	RADVC	RADVC	0.974	0.974
2	MNRADVC	RADVC	0.894	0.077
1	NATC	ATC	0.966	0.034
1	SC	SC	0.991	0.991
1	SC	SC	0.953	0.953
1	ATC	ATC	0.538	0.538
2	AC	AC	0.979	0.979
2	OC	OC	0.926	0.926
2	ATC	ATC	0.886	0.886
2	NATC	ATC	0.973	0.027
2	CMPADVC	PADVC	0.875	0.048
2	ATC	NATC	0.876	0.113
2	CMFS	CADVC	0.477	0.375
1	SS	SS	0.944	0.944
2	RADVC	MNRADVC	0.602	0.037
2	NATC	ATC	0.960	0.039
2	CMFS	ATC	0.380	0.314
2	CMPADVC	PADVC	0.901	0.070
2	MNRADVC	RADVC	0.549	0.033
2	TADVC	TADVC	0.858	0.858
2	CADVC	CADVC	0.673	0.673
2	TADVC	TADVC	0.679	0.679
2	TADVC	TADVC	0.856	0.856
2	RADVC	TADVC	0.652	0.254
2	CADVC	CADVC	0.879	0.879
2	NATC	ATC	0.901	0.096
2	TADVC	TADVC	0.461	0.461
2	AC	OC	0.287	0.225
2	OC	ATC	0.930	0.044
2	NATC	ATC	0.531	0.468
2	ATC	ATC	0.995	0.995
2	ATC	TADVC	0.527	0.441
2	TADVC	TADVC	0.848	0.848
2	ATC	NATC	0.609	0.389
3	PC	PC	0.900	0.900
2	PADVC	OC	0.828	0.045
3	CMAS	ATC	0.773	0.014
2	NATC	TADVC	0.527	0.022
1	RADVC	MNRADVC	0.684	0.001
2	ATC	ATC	0.836	0.836
2	OC	AC	0.696	0.111
2	PC	RADVC	0.966	0.000
2	CADVC	CADVC	0.799	0.799
2	ATC	ATC	0.881	0.881
4	PC	NATC	0.543	0.435
2	ATC	NATC	0.874	0.084
2	TADVC	TADVC	0.714	0.714
2	CADVC	CADVC	0.931	0.931
2	TADVC	AC	0.570	0.161
2	PADVC	CMPADVC	0.832	0.031
1	SC	SC	0.940	0.940
1	RADVC	MNRADVC	0.823	0.001
2	NATC	ATC	0.951	0.031
1	TADVC	ATC	0.239	0.000
3	CCSADVC	ATC	0.390	0.303
2	ATC	ATC	0.496	0.496
2	PADVC	CADVC	0.514	0.235
2	CADVC	OC	0.664	0.006
2	PC	MNRADVC	0.476	0.004
2	CCSADVC	OC	0.487	0.022
2	SC	SC	0.411	0.411
2	ATC	ATC	0.714	0.714
2	PC	PC	0.896	0.896
1	SC	SC	0.672	0.672
2	ATC	TADVC	0.479	0.101
1	NATC	ATC	0.969	0.031
2	RADVC	MNRADVC	0.901	0.038
2	MNRADVC	MNRADVC	0.507	0.507
2	NATC	RADVC	0.336	0.327
2	ATC	ATC	0.973	0.973
2	AC	AC	0.425	0.425
2	CMAS	CMAS	0.916	0.916
2	TADVC	TADVC	0.814	0.814
1	SC	CMPADVC	0.373	0.018
2	ATC	ATC	0.919	0.919
2	ATC	NATC	0.984	0.009
2	ATC	ATC	0.531	0.531
2	CMPADVC	CMPADVC	0.612	0.612
2	TADVC	PADVC	0.382	0.174
2	PADVC	CMPADVC	0.619	0.129
2	WADVC	CCSADVC	0.659	0.296
2	OC	PC	0.849	0.041
2	AC	AC	0.865	0.865
2	RADVC	MNRADVC	0.507	0.383
2	SC	SC	0.719	0.719
2	CMBS	CMBS	0.630	0.630
2	CMAS	CMBS	0.580	0.260
2	CCSADVC	CCSADVC	0.896	0.896
2	RADVC	MNRADVC	0.736	0.017
2	NATC	ATC	0.705	0.280
2	ATC	ATC	0.662	0.662
1	ATC	WADVC	0.534	0.365
2	ATC	ATC	0.500	0.500
2	PC	PC	0.996	0.996
2	TADVC	TADVC	0.897	0.897
2	ATC	RADVC	0.336	0.140
2	PADVC	CADVC	0.736	0.105
2	TADVC	RADVC	0.316	0.016
2	CMBS	CMBS	0.563	0.563
2	SC	SC	0.947	0.947
3	CCSADVC	CCSADVC	0.856	0.856
2	NATC	NATC	0.874	0.874
2	AC	WADVC	0.860	0.081
2	TADVC	TADVC	0.992	0.992
2	SC	SC	0.711	0.711
2	CCSADVC	CCSADVC	0.990	0.990
2	NATC	ATC	0.978	0.019
2	AC	AC	0.863	0.863
3	OC	OC	0.572	0.572
2	WADVC	WADVC	0.847	0.847
2	AC	AC	0.658	0.658
2	OC	OC	0.598	0.598
3	OC	OC	0.879	0.879
2	ATC	ATC	0.952	0.952
2	ATC	NATC	0.984	0.007
2	CMFS	CMFS	0.601	0.601
2	ATC	ATC	0.435	0.435
1	PC	PC	0.587	0.587
2	CADVC	OC	0.557	0.118
2	RSLADVC	PADVC	0.409	0.094
3	ATC	NATC	0.967	0.025
1	SC	SC	0.414	0.414
2	PC	PC	0.888	0.888
2	RADVC	MNRADVC	0.973	0.017
2	RADVC	MNRADVC	0.969	0.021
2	WADVC	WADVC	0.986	0.986
2	SC	SC	0.620	0.620
3	ATC	ATC	0.862	0.862
2	OC	ATC	0.688	0.034
2	CCSADVC	CCSADVC	0.987	0.987
2	PC	PC	0.386	0.386
1	SC	SC	0.312	0.312
2	AC	AC	0.863	0.863
2	ATC	ATC	0.922	0.922
1	SC	SC	0.899	0.899
2	RADVC	RADVC	0.429	0.429
2	PC	RADVC	0.930	0.014
1	CMCS	CMBS	0.862	0.003
2	OC	OC	0.797	0.797
2	PC	PC	0.629	0.629
2	ATC	ATC	0.866	0.866
2	PADVC	CMPADVC	0.319	0.114
1	RADVC	TADVC	0.197	0.037
2	CADVC	CCSADVC	0.531	0.087
1	NATC	ATC	0.961	0.011
2	PC	ATC	0.679	0.188
2	PC	ATC	0.711	0.011
1	PADVC	CMPADVC	0.955	0.024
2	NATC	ATC	0.980	0.020
1	SS	SS	0.811	0.811
2	OC	OC	0.890	0.890
1	SC	SC	0.985	0.985
2	OC	OC	0.796	0.796
2	ATC	ATC	0.993	0.993
2	MNRADVC	RADVC	0.957	0.024
2	CCSADVC	CCSADVC	0.275	0.275
2	ATC	ATC	0.988	0.988
1	NATC	ATC	0.979	0.014
1	CMBS	CMBS	0.739	0.739
1	SC	SC	0.834	0.834
2	RADVC	RADVC	0.974	0.974
2	MNRADVC	RADVC	0.958	0.019
1	NATC	ATC	0.986	0.014
1	SC	SC	0.957	0.957
1	SC	SC	0.704	0.704
1	ATC	ATC	0.709	0.709
2	AC	AC	0.780	0.780
2	OC	OC	0.720	0.720
2	ATC	ATC	0.896	0.896
2	NATC	ATC	0.940	0.057
2	CMPADVC	PADVC	0.955	0.012
2	ATC	NATC	0.968	0.023
2	CMFS	CADVC	0.429	0.404
1	SS	SS	0.896	0.896
2	RADVC	MNRADVC	0.932	0.009
2	NATC	ATC	0.987	0.011
2	CMFS	CMFS	0.324	0.324
2	CMPADVC	PADVC	0.955	0.019
2	MNRADVC	RADVC	0.918	0.008
2	TADVC	TADVC	0.391	0.391
2	CADVC	CADVC	0.856	0.856
2	TADVC	TADVC	0.719	0.719
2	TADVC	TADVC	0.914	0.914
2	RADVC	TADVC	0.558	0.211
2	CADVC	CADVC	0.957	0.957
2	NATC	ATC	0.987	0.011
2	TADVC	TADVC	0.592	0.592
2	AC	AC	0.764	0.764
2	OC	ATC	0.902	0.009
2	NATC	ATC	0.978	0.021
2	ATC	ATC	1.000	1.000
2	ATC	TADVC	0.801	0.165
2	TADVC	TADVC	0.833	0.833
2	ATC	NATC	0.951	0.048
3	PC	PC	0.941	0.941
2	PADVC	OC	0.364	0.116
3	CMAS	ATC	0.673	0.013
2	NATC	TADVC	0.801	0.019
1	RADVC	MNRADVC	0.959	0.003
2	ATC	ATC	0.971	0.971
2	OC	ATC	0.501	0.132
2	PC	RADVC	0.837	0.000
2	CADVC	CADVC	0.692	0.692
2	ATC	ATC	0.623	0.623
4	PC	PC	0.748	0.748
2	ATC	ATC	0.819	0.819
2	TADVC	TADVC	0.784	0.784
2	CADVC	CADVC	0.960	0.960
2	TADVC	ATC	0.392	0.354
2	PADVC	CMPADVC	0.942	0.010
1	SC	SC	0.920	0.920
1	RADVC	MNRADVC	0.957	0.003
2	NATC	ATC	0.988	0.008
1	TADVC	ATC	0.198	0.037
3	CCSADVC	CCSADVC	0.775	0.775
2	ATC	ATC	0.711	0.711
2	PADVC	PADVC	0.264	0.264
2	CADVC	OC	0.331	0.046
2	PC	RADVC	0.560	0.011
2	CCSADVC	OC	0.666	0.015
2	SC	SC	0.701	0.701
2	ATC	ATC	0.953	0.953
2	PC	PC	0.600	0.600
1	SC	SC	0.622	0.622
2	ATC	TADVC	0.743	0.119
1	NATC	ATC	0.995	0.005
2	RADVC	MNRADVC	0.966	0.009
2	MNRADVC	MNRADVC	0.508	0.508
2	NATC	ATC	0.361	0.247
2	ATC	ATC	0.940	0.940
2	AC	OC	0.421	0.354
2	CMAS	CMAS	0.756	0.756
2	TADVC	TADVC	0.734	0.734
1	SC	ATC	0.206	0.082
2	ATC	ATC	0.961	0.961
2	ATC	NATC	0.984	0.012
2	ATC	ATC	0.978	0.978
2	CMPADVC	CMPADVC	0.319	0.319
2	TADVC	TADVC	0.338	0.338
2	PADVC	CMPADVC	0.931	0.021
2	WADVC	WADVC	0.605	0.605
2	OC	OC	0.336	0.336
2	AC	AC	0.867	0.867
2	RADVC	MNRADVC	0.508	0.381
2	SC	SC	0.671	0.671
2	CMBS	PC	0.222	0.174
2	CMAS	CMAS	0.547	0.547
2	CCSADVC	CCSADVC	0.977	0.977
2	RADVC	MNRADVC	0.938	0.011
2	NATC	ATC	0.866	0.129
2	ATC	ATC	0.309	0.309
1	ATC	WADVC	0.787	0.087
2	ATC	ATC	0.663	0.663
2	PC	PC	0.956	0.956
2	TADVC	PADVC	0.449	0.293
2	ATC	ATC	0.361	0.361
2	PADVC	OC	0.360	0.057
2	TADVC	TADVC	0.228	0.228
2	CMBS	CMAS	0.200	0.185
2	SC	SC	0.773	0.773
3	CCSADVC	CCSADVC	0.950	0.950
2	NATC	ATC	0.819	0.156
2	AC	WADVC	0.525	0.214
2	TADVC	TADVC	0.868	0.868
2	SC	SC	0.763	0.763
