2	WADVC	WADVC	0.879	0.879
2	RADVC	CMPADVC	0.237	0.170
2	CMBS	CMFS	0.277	0.177
2	CADVC	CADVC	0.994	0.994
2	ATC	ATC	1.000	1.000
2	ATC	ATC	1.000	1.000
2	CCSADVC	CCSADVC	0.998	0.998
2	ATC	ATC	0.931	0.931
3	CMAS	ATC	0.637	0.048
2	ATC	ATC	0.796	0.796
1	PADVC	OC	0.467	0.273
2	TADVC	TADVC	0.759	0.759
2	NATC	ATC	0.990	0.006
2	OC	OC	0.382	0.382
2	CCSADVC	CCSADVC	0.995	0.995
2	AC	AC	0.427	0.427
2	PC	PC	0.452	0.452
1	PADVC	CMPADVC	0.961	0.002
2	WADVC	ATC	0.662	0.265
2	TADVC	ATC	0.708	0.171
2	CADVC	OC	0.430	0.036
2	CMAS	CMAS	0.931	0.931
2	ATC	ATC	0.992	0.992
2	CMAS	CMAS	0.483	0.483
2	WADVC	RADVC	0.186	0.111
2	AC	OC	0.300	0.103
1	SC	SC	0.948	0.948
2	ATC	NATC	0.974	0.025
3	WADVC	WADVC	0.853	0.853
2	TADVC	ATC	0.955	0.029
3	PC	PC	0.716	0.716
2	OC	OC	0.941	0.941
2	CCSADVC	TADVC	0.533	0.038
2	RADVC	CCSADVC	0.318	0.250
2	OC	OC	0.890	0.890
1	PADVC	CMPADVC	0.970	0.010
2	AC	AC	0.899	0.899
3	ATC	ATC	0.966	0.966
2	RADVC	MNRADVC	0.971	0.017
2	AC	AC	0.875	0.875
2	SC	SC	0.558	0.558
2	TADVC	TADVC	0.976	0.976
3	AC	AC	0.588	0.588
2	NATC	ATC	0.992	0.006
1	CMPADVC	PADVC	0.967	0.015
2	PC	PC	0.684	0.684
2	NATC	ATC	0.977	0.023
1	SC	SC	0.962	0.962
2	RADVC	MNRADVC	0.889	0.107
2	ATC	ATC	0.963	0.963
2	CMBS	CMFS	0.278	0.121
2	CMCS	CMAS	0.695	0.001
2	PADVC	CMPADVC	0.977	0.012
2	PADVC	CMPADVC	0.977	0.017
2	OC	OC	0.673	0.673
2	ATC	ATC	0.997	0.997
3	CADVC	ATC	0.428	0.166
2	TADVC	TADVC	0.320	0.320
2	AC	AC	0.804	0.804
2	ATC	NATC	0.979	0.021
2	CMPADVC	PADVC	0.963	0.005
1	CMCS	WADVC	0.386	0.004
2	NATC	ATC	0.970	0.021
3	ATC	ATC	0.906	0.906
2	PC	PC	0.868	0.868
2	ATC	NATC	0.964	0.013
1	ATC	NATC	0.974	0.021
2	OC	OC	0.575	0.575
2	AC	AC	0.925	0.925
2	TADVC	TADVC	0.949	0.949
1	ATC	AC	0.980	0.015
2	SC	SC	0.842	0.842
2	ATC	ATC	0.923	0.923
1	CMAS	CMAS	0.890	0.890
2	CADVC	CADVC	0.966	0.966
2	PADVC	CMPADVC	0.974	0.023
2	CMBS	CMAS	0.575	0.150
1	NATC	ATC	0.960	0.015
3	SC	OC	0.468	0.285
2	ATC	OC	0.383	0.055
1	ATC	WADVC	0.551	0.085
2	CCSADVC	CCSADVC	0.882	0.882
2	CCSADVC	CCSADVC	0.986	0.986
2	RSLADVC	PADVC	0.705	0.044
2	ATC	TADVC	0.753	0.226
2	WADVC	WADVC	0.685	0.685
2	CMPADVC	PADVC	0.958	0.005
2	AC	AC	0.567	0.567
2	PC	PC	0.772	0.772
1	RADVC	MNRADVC	0.936	0.048
2	CADVC	CADVC	0.819	0.819
2	ATC	ATC	0.966	0.966
2	NATC	ATC	0.993	0.003
2	CADVC	CCSADVC	0.434	0.399
2	ATC	ATC	0.595	0.595
2	ATC	ATC	0.999	0.999
2	NATC	ATC	0.796	0.191
2	AC	AC	0.831	0.831
1	CMBS	CMBS	0.956	0.956
2	AC	AC	0.626	0.626
1	SS	SS	0.826	0.826
2	SC	SC	0.423	0.423
2	RADVC	RADVC	0.565	0.565
2	ATC	ATC	0.988	0.988
2	CMBS	CMAS	0.326	0.144
2	CCSADVC	CCSADVC	0.998	0.998
1	CMCS	CMBS	0.868	0.001
3	ATC	ATC	0.993	0.993
2	NATC	ATC	0.998	0.002
1	WADVC	WADVC	0.683	0.683
2	ATC	ATC	0.949	0.949
2	CMFS	PADVC	0.827	0.042
2	RADVC	MNRADVC	0.979	0.015
2	CADVC	CADVC	0.732	0.732
3	AC	AC	0.484	0.484
1	ATC	NATC	0.865	0.135
2	PC	PC	0.381	0.381
2	AC	OC	0.456	0.427
2	OC	OC	0.515	0.515
2	CCSADVC	CCSADVC	0.993	0.993
2	TADVC	TADVC	0.949	0.949
2	TADVC	OC	0.365	0.143
2	CMFS	CMFS	0.913	0.913
2	RSLADVC	ATC	0.861	0.010
2	NATC	ATC	0.957	0.034
2	SC	SC	0.751	0.751
2	ATC	NATC	0.943	0.034
2	NATC	ATC	0.923	0.064
1	SS	SS	0.925	0.925
2	OC	OC	0.848	0.848
2	CCSADVC	CCSADVC	0.914	0.914
2	CMBS	TADVC	0.501	0.052
2	ATC	ATC	0.791	0.791
1	SC	SC	0.946	0.946
2	AC	ATC	0.693	0.045
2	ATC	ATC	0.808	0.808
2	CCSADVC	CCSADVC	0.686	0.686
2	TADVC	AC	0.472	0.196
1	SS	SS	0.914	0.914
1	ATC	NATC	0.975	0.025
2	ATC	ATC	1.000	1.000
1	OC	TADVC	0.486	0.091
2	TADVC	RADVC	0.428	0.341
3	AC	OC	0.284	0.190
2	ATC	ATC	0.996	0.996
1	SS	SS	0.820	0.820
2	OC	AC	0.391	0.291
1	ATC	NATC	0.982	0.010
2	RADVC	MNRADVC	0.967	0.013
2	CCSADVC	CCSADVC	0.507	0.507
2	ATC	ATC	0.768	0.768
2	MNRADVC	CMPADVC	0.237	0.156
2	MNRADVC	RADVC	0.960	0.017
2	TADVC	TADVC	0.622	0.622
2	OC	OC	0.563	0.563
2	CMFS	CMFS	0.638	0.638
2	CADVC	CADVC	0.598	0.598
1	OC	OC	0.422	0.422
1	PC	PC	0.869	0.869
2	ATC	AC	0.483	0.242
2	WADVC	WADVC	0.716	0.716
2	RADVC	PADVC	0.422	0.233
2	CMBS	CMBS	0.508	0.508
2	CADVC	CADVC	0.989	0.989
2	ATC	ATC	1.000	1.000
2	ATC	ATC	0.999	0.999
2	CCSADVC	CCSADVC	0.982	0.982
2	ATC	ATC	0.852	0.852
3	CMAS	ATC	0.462	0.048
2	ATC	ATC	0.569	0.569
1	PADVC	PADVC	0.555	0.555
2	TADVC	TADVC	0.992	0.992
2	NATC	ATC	0.947	0.036
2	OC	AC	0.656	0.044
2	CCSADVC	CCSADVC	0.798	0.798
2	AC	AC	0.728	0.728
2	PC	AC	0.567	0.069
1	PADVC	CMPADVC	0.740	0.028
2	WADVC	WADVC	0.401	0.401
2	TADVC	ATC	0.879	0.003
2	CADVC	CADVC	0.526	0.526
2	CMAS	CMAS	0.887	0.887
2	ATC	ATC	0.987	0.987
2	CMAS	CMAS	0.601	0.601
2	WADVC	CCSADVC	0.440	0.039
2	AC	SC	0.372	0.002
1	SC	SC	0.802	0.802
2	ATC	NATC	0.815	0.185
3	WADVC	WADVC	0.492	0.492
2	TADVC	ATC	0.536	0.002
3	PC	PC	0.674	0.674
2	OC	OC	0.902	0.902
2	CCSADVC	TADVC	0.545	0.087
2	RADVC	RADVC	0.882	0.882
2	OC	OC	0.897	0.897
1	PADVC	CMPADVC	0.886	0.083
2	AC	AC	0.960	0.960
3	ATC	ATC	0.960	0.960
2	RADVC	MNRADVC	0.774	0.110
2	AC	ATC	0.436	0.320
2	SC	OC	0.560	0.217
2	TADVC	TADVC	0.984	0.984
3	AC	TADVC	0.782	0.033
2	NATC	ATC	0.946	0.044
1	CMPADVC	PADVC	0.762	0.083
2	PC	ATC	0.392	0.145
2	NATC	ATC	0.817	0.181
1	SC	SC	0.945	0.945
2	RADVC	MNRADVC	0.710	0.268
2	ATC	ATC	0.764	0.764
2	CMBS	CMAS	0.353	0.159
2	CMCS	CMAS	0.966	0.000
2	PADVC	CMPADVC	0.847	0.069
2	PADVC	CMPADVC	0.833	0.159
2	OC	ATC	0.462	0.253
2	ATC	ATC	0.997	0.997
3	CADVC	ATC	0.819	0.001
2	TADVC	MNRADVC	0.313	0.090
2	AC	ATC	0.609	0.106
2	ATC	NATC	0.856	0.143
2	CMPADVC	PADVC	0.797	0.061
1	CMCS	WADVC	0.364	0.001
2	NATC	ATC	0.804	0.152
3	ATC	PC	0.508	0.479
2	PC	PC	0.784	0.784
2	ATC	NATC	0.788	0.134
1	ATC	NATC	0.934	0.060
2	OC	ATC	0.513	0.017
2	AC	AC	0.499	0.499
2	TADVC	TADVC	0.933	0.933
1	ATC	ATC	0.951	0.951
2	SC	SC	0.668	0.668
2	ATC	ATC	0.756	0.756
1	CMAS	CMAS	0.869	0.869
2	CADVC	CADVC	0.941	0.941
2	PADVC	CMPADVC	0.891	0.080
2	CMBS	CMAS	0.909	0.032
1	NATC	ATC	0.753	0.053
3	SC	ATC	0.279	0.150
2	ATC	AC	0.509	0.095
1	ATC	ATC	0.370	0.370
2	CCSADVC	ATC	0.889	0.078
2	CCSADVC	CCSADVC	0.980	0.980
2	RSLADVC	PADVC	0.506	0.004
2	ATC	TADVC	0.711	0.198
2	WADVC	WADVC	0.697	0.697
2	CMPADVC	PADVC	0.677	0.019
2	AC	AC	0.873	0.873
2	PC	PC	0.801	0.801
1	RADVC	MNRADVC	0.516	0.207
2	CADVC	NATC	0.446	0.089
2	ATC	ATC	0.976	0.976
2	NATC	ATC	0.997	0.001
2	CADVC	CCSADVC	0.758	0.125
2	ATC	AC	0.782	0.121
2	ATC	ATC	0.989	0.989
2	NATC	ATC	0.569	0.418
2	AC	SC	0.953	0.018
1	CMBS	CMBS	0.907	0.907
2	AC	AC	0.708	0.708
1	SS	SS	0.939	0.939
2	SC	AC	0.620	0.015
2	RADVC	RADVC	0.481	0.481
2	ATC	ATC	0.980	0.980
2	CMBS	CMAS	0.557	0.207
2	CCSADVC	CCSADVC	0.912	0.912
1	CMCS	CMBS	0.782	0.001
3	ATC	ATC	0.967	0.967
2	NATC	ATC	0.909	0.090
1	WADVC	WADVC	0.967	0.967
2	ATC	ATC	0.608	0.608
2	CMFS	ATC	0.626	0.209
2	RADVC	MNRADVC	0.868	0.106
2	CADVC	CADVC	0.858	0.858
3	AC	AC	0.516	0.516
1	ATC	NATC	0.899	0.101
2	PC	OC	0.843	0.020
2	AC	RSLADVC	0.343	0.223
2	OC	OC	0.560	0.560
2	CCSADVC	CCSADVC	0.984	0.984
2	TADVC	TADVC	0.691	0.691
2	TADVC	OC	0.888	0.006
2	CMFS	CMFS	0.934	0.934
2	RSLADVC	ATC	0.849	0.012
2	NATC	ATC	0.559	0.348
2	SC	AC	0.470	0.102
2	ATC	NATC	0.754	0.088
2	NATC	ATC	0.756	0.228
1	SS	SS	0.948	0.948
2	OC	PC	0.810	0.092
2	CCSADVC	CCSADVC	0.925	0.925
2	CMBS	CMBS	0.296	0.296
2	ATC	ATC	0.945	0.945
1	SC	SC	0.798	0.798
2	AC	ATC	0.794	0.048
2	ATC	ATC	0.999	0.999
2	CCSADVC	CCSADVC	0.536	0.536
2	TADVC	TADVC	0.508	0.508
1	SS	SS	0.950	0.950
1	ATC	NATC	0.850	0.150
2	ATC	ATC	1.000	1.000
1	OC	TADVC	0.766	0.137
2	TADVC	RADVC	0.736	0.017
3	AC	ATC	0.580	0.005
2	ATC	ATC	0.993	0.993
1	SS	SS	0.873	0.873
2	OC	OC	0.498	0.498
1	ATC	NATC	0.814	0.167
2	RADVC	MNRADVC	0.719	0.120
2	CCSADVC	CCSADVC	0.791	0.791
2	ATC	ATC	0.457	0.457
2	MNRADVC	PADVC	0.422	0.085
2	MNRADVC	RADVC	0.839	0.039
2	TADVC	TADVC	0.488	0.488
2	OC	OC	0.748	0.748
2	CMFS	CMFS	0.832	0.832
2	CADVC	CADVC	0.584	0.584
1	OC	SC	0.547	0.332
1	PC	PC	0.525	0.525
2	ATC	CADVC	0.498	0.171
2	WADVC	WADVC	0.867	0.867
2	RADVC	CMPADVC	0.203	0.190
2	CMBS	CMFS	0.256	0.146
2	CADVC	CADVC	0.992	0.992
2	ATC	ATC	1.000	1.000
2	ATC	ATC	1.000	1.000
2	CCSADVC	CCSADVC	0.996	0.996
2	ATC	ATC	0.912	0.912
3	CMAS	ATC	0.609	0.061
2	ATC	ATC	0.786	0.786
1	PADVC	OC	0.411	0.322
2	TADVC	TADVC	0.671	0.671
2	NATC	ATC	0.989	0.007
2	OC	OC	0.368	0.368
2	CCSADVC	CCSADVC	0.994	0.994
2	AC	AC	0.419	0.419
2	PC	PC	0.466	0.466
1	PADVC	CMPADVC	0.962	0.003
2	WADVC	ATC	0.638	0.269
2	TADVC	ATC	0.514	0.363
2	CADVC	OC	0.415	0.023
2	CMAS	CMAS	0.929	0.929
2	ATC	ATC	0.993	0.993
2	CMAS	CMAS	0.360	0.360
2	WADVC	WADVC	0.216	0.216
2	AC	OC	0.268	0.082
1	SC	SC	0.927	0.927
2	ATC	NATC	0.973	0.026
3	WADVC	WADVC	0.790	0.790
2	TADVC	ATC	0.959	0.025
3	PC	PC	0.755	0.755
2	OC	OC	0.890	0.890
2	CCSADVC	TADVC	0.509	0.048
2	RADVC	CCSADVC	0.402	0.185
2	OC	OC	0.883	0.883
1	PADVC	CMPADVC	0.971	0.010
2	AC	AC	0.837	0.837
3	ATC	ATC	0.960	0.960
2	RADVC	MNRADVC	0.969	0.017
2	AC	AC	0.870	0.870
2	SC	SC	0.512	0.512
2	TADVC	TADVC	0.959	0.959
3	AC	AC	0.708	0.708
2	NATC	ATC	0.991	0.006
1	CMPADVC	PADVC	0.967	0.018
2	PC	PC	0.722	0.722
2	NATC	ATC	0.977	0.022
1	SC	SC	0.936	0.936
2	RADVC	MNRADVC	0.889	0.106
2	ATC	ATC	0.958	0.958
2	CMBS	CMFS	0.232	0.112
2	CMCS	CMAS	0.655	0.001
2	PADVC	CMPADVC	0.973	0.011
2	PADVC	CMPADVC	0.975	0.017
2	OC	OC	0.667	0.667
2	ATC	ATC	0.997	0.997
3	CADVC	ATC	0.369	0.154
2	TADVC	TADVC	0.410	0.410
2	AC	AC	0.774	0.774
2	ATC	NATC	0.976	0.023
2	CMPADVC	PADVC	0.960	0.004
1	CMCS	WADVC	0.420	0.004
2	NATC	ATC	0.968	0.021
3	ATC	ATC	0.909	0.909
2	PC	PC	0.870	0.870
2	ATC	NATC	0.962	0.014
1	ATC	NATC	0.971	0.023
2	OC	OC	0.577	0.577
2	AC	AC	0.920	0.920
2	TADVC	TADVC	0.925	0.925
1	ATC	AC	0.975	0.019
2	SC	SC	0.826	0.826
2	ATC	ATC	0.923	0.923
1	CMAS	CMAS	0.869	0.869
2	CADVC	CADVC	0.957	0.957
2	PADVC	CMPADVC	0.972	0.023
2	CMBS	CMAS	0.549	0.139
1	NATC	ATC	0.961	0.014
3	SC	OC	0.494	0.240
2	ATC	OC	0.343	0.052
1	ATC	WADVC	0.443	0.084
2	CCSADVC	CCSADVC	0.910	0.910
2	CCSADVC	CCSADVC	0.981	0.981
2	RSLADVC	PADVC	0.764	0.036
2	ATC	TADVC	0.682	0.288
2	WADVC	WADVC	0.660	0.660
2	CMPADVC	PADVC	0.958	0.006
2	AC	AC	0.507	0.507
2	PC	PC	0.700	0.700
1	RADVC	MNRADVC	0.938	0.050
2	CADVC	CADVC	0.738	0.738
2	ATC	ATC	0.948	0.948
2	NATC	ATC	0.993	0.003
2	CADVC	CCSADVC	0.446	0.378
2	ATC	ATC	0.599	0.599
2	ATC	ATC	0.998	0.998
2	NATC	ATC	0.786	0.197
2	AC	AC	0.827	0.827
1	CMBS	CMBS	0.950	0.950
2	AC	AC	0.604	0.604
1	SS	SS	0.761	0.761
2	SC	SC	0.448	0.448
2	RADVC	RADVC	0.564	0.564
2	ATC	ATC	0.976	0.976
2	CMBS	CCSADVC	0.347	0.112
2	CCSADVC	CCSADVC	0.996	0.996
1	CMCS	CMBS	0.832	0.001
3	ATC	ATC	0.987	0.987
2	NATC	ATC	0.998	0.002
1	WADVC	WADVC	0.568	0.568
2	ATC	ATC	0.941	0.941
2	CMFS	PADVC	0.835	0.034
2	RADVC	MNRADVC	0.978	0.016
2	CADVC	CADVC	0.640	0.640
3	AC	AC	0.422	0.422
1	ATC	NATC	0.865	0.134
2	PC	PC	0.398	0.398
2	AC	OC	0.460	0.424
2	OC	OC	0.406	0.406
2	CCSADVC	CCSADVC	0.991	0.991
2	TADVC	TADVC	0.937	0.937
2	TADVC	OC	0.271	0.208
2	CMFS	CMFS	0.867	0.867
2	RSLADVC	ATC	0.834	0.010
2	NATC	ATC	0.955	0.034
2	SC	SC	0.714	0.714
2	ATC	NATC	0.941	0.035
2	NATC	ATC	0.923	0.061
1	SS	SS	0.898	0.898
2	OC	OC	0.868	0.868
2	CCSADVC	CCSADVC	0.909	0.909
2	CMBS	TADVC	0.519	0.028
2	ATC	ATC	0.767	0.767
1	SC	SC	0.936	0.936
2	AC	ATC	0.664	0.043
2	ATC	ATC	0.776	0.776
2	CCSADVC	CCSADVC	0.737	0.737
2	TADVC	AC	0.469	0.123
1	SS	SS	0.903	0.903
1	ATC	NATC	0.974	0.026
2	ATC	ATC	1.000	1.000
1	OC	TADVC	0.429	0.119
2	TADVC	TADVC	0.382	0.382
3	AC	ATC	0.298	0.223
2	ATC	ATC	0.995	0.995
1	SS	SS	0.729	0.729
2	OC	AC	0.354	0.282
1	ATC	NATC	0.981	0.010
2	RADVC	MNRADVC	0.963	0.013
2	CCSADVC	CCSADVC	0.524	0.524
2	ATC	ATC	0.823	0.823
2	MNRADVC	CMPADVC	0.203	0.141
2	MNRADVC	RADVC	0.957	0.015
2	TADVC	TADVC	0.599	0.599
2	OC	OC	0.563	0.563
2	CMFS	CMFS	0.481	0.481
2	CADVC	CADVC	0.377	0.377
1	OC	WADVC	0.368	0.339
1	PC	PC	0.850	0.850
2	ATC	AC	0.458	0.236
2	WADVC	WADVC	0.877	0.877
2	RADVC	RADVC	0.201	0.201
2	CMBS	CCSADVC	0.305	0.097
2	CADVC	CADVC	0.987	0.987
2	ATC	ATC	1.000	1.000
2	ATC	ATC	1.000	1.000
2	CCSADVC	CCSADVC	0.997	0.997
2	ATC	ATC	0.897	0.897
3	CMAS	ATC	0.530	0.047
2	ATC	ATC	0.841	0.841
1	PADVC	OC	0.379	0.311
2	TADVC	TADVC	0.586	0.586
2	NATC	ATC	0.994	0.004
2	OC	OC	0.400	0.400
2	CCSADVC	CCSADVC	0.994	0.994
2	AC	AC	0.363	0.363
2	PC	PC	0.410	0.410
1	PADVC	CMPADVC	0.973	0.002
2	WADVC	ATC	0.529	0.353
2	TADVC	TADVC	0.491	0.491
2	CADVC	OC	0.472	0.024
2	CMAS	CMAS	0.908	0.908
2	ATC	ATC	0.989	0.989
2	CMAS	ATC	0.419	0.327
2	WADVC	WADVC	0.200	0.200
2	AC	OC	0.337	0.104
1	SC	SC	0.899	0.899
2	ATC	NATC	0.984	0.015
3	WADVC	WADVC	0.764	0.764
2	TADVC	ATC	0.945	0.029
3	PC	PC	0.803	0.803
2	OC	OC	0.807	0.807
2	CCSADVC	TADVC	0.462	0.074
2	RADVC	CCSADVC	0.560	0.121
2	OC	OC	0.863	0.863
1	PADVC	CMPADVC	0.980	0.007
2	AC	AC	0.715	0.715
3	ATC	ATC	0.960	0.960
2	RADVC	MNRADVC	0.977	0.014
2	AC	AC	0.849	0.849
2	SC	SC	0.499	0.499
2	TADVC	TADVC	0.917	0.917
3	AC	AC	0.753	0.753
2	NATC	ATC	0.993	0.004
1	CMPADVC	PADVC	0.977	0.012
2	PC	PC	0.741	0.741
2	NATC	ATC	0.988	0.011
1	SC	SC	0.924	0.924
2	RADVC	MNRADVC	0.958	0.039
2	ATC	ATC	0.975	0.975
2	CMBS	OC	0.162	0.104
2	CMCS	CMAS	0.499	0.002
2	PADVC	CMPADVC	0.979	0.008
2	PADVC	CMPADVC	0.983	0.010
2	OC	OC	0.689	0.689
2	ATC	ATC	0.995	0.995
3	CADVC	ATC	0.473	0.099
2	TADVC	TADVC	0.437	0.437
2	AC	AC	0.825	0.825
2	ATC	NATC	0.980	0.018
2	CMPADVC	PADVC	0.974	0.003
1	CMCS	WADVC	0.322	0.004
2	NATC	ATC	0.979	0.013
3	ATC	ATC	0.900	0.900
2	PC	PC	0.895	0.895
2	ATC	NATC	0.976	0.008
1	ATC	NATC	0.981	0.014
2	OC	OC	0.714	0.714
2	AC	AC	0.912	0.912
2	TADVC	TADVC	0.930	0.930
1	ATC	AC	0.941	0.047
2	SC	SC	0.826	0.826
2	ATC	ATC	0.950	0.950
1	CMAS	CMAS	0.805	0.805
2	CADVC	CADVC	0.965	0.965
2	PADVC	CMPADVC	0.980	0.015
2	CMBS	CMAS	0.467	0.126
1	NATC	ATC	0.976	0.008
3	SC	OC	0.438	0.217
2	ATC	OC	0.352	0.066
1	ATC	WADVC	0.527	0.106
2	CCSADVC	CCSADVC	0.938	0.938
2	CCSADVC	CCSADVC	0.982	0.982
2	RSLADVC	PADVC	0.687	0.050
2	ATC	TADVC	0.668	0.271
2	WADVC	WADVC	0.750	0.750
2	CMPADVC	PADVC	0.972	0.004
2	AC	ATC	0.575	0.317
2	PC	PC	0.729	0.729
1	RADVC	MNRADVC	0.965	0.028
2	CADVC	CADVC	0.724	0.724
2	ATC	ATC	0.934	0.934
2	NATC	ATC	0.994	0.002
2	CADVC	CCSADVC	0.371	0.307
2	ATC	ATC	0.712	0.712
2	ATC	ATC	0.995	0.995
2	NATC	ATC	0.841	0.141
2	AC	AC	0.841	0.841
1	CMBS	CMBS	0.951	0.951
2	AC	AC	0.587	0.587
1	SS	SS	0.719	0.719
2	SC	SC	0.591	0.591
2	RADVC	RADVC	0.498	0.498
2	ATC	ATC	0.968	0.968
2	CMBS	CCSADVC	0.369	0.108
2	CCSADVC	CCSADVC	0.995	0.995
1	CMCS	CMBS	0.726	0.002
3	ATC	ATC	0.988	0.988
2	NATC	ATC	0.997	0.003
1	WADVC	WADVC	0.656	0.656
2	ATC	ATC	0.958	0.958
2	CMFS	PADVC	0.763	0.063
2	RADVC	MNRADVC	0.983	0.011
2	CADVC	CADVC	0.606	0.606
3	AC	AC	0.482	0.482
1	ATC	NATC	0.707	0.292
2	PC	PC	0.391	0.391
2	AC	OC	0.527	0.299
2	OC	OC	0.476	0.476
2	CCSADVC	CCSADVC	0.992	0.992
2	TADVC	TADVC	0.949	0.949
2	TADVC	OC	0.284	0.184
2	CMFS	CMFS	0.827	0.827
2	RSLADVC	ATC	0.818	0.010
2	NATC	ATC	0.972	0.021
2	SC	SC	0.692	0.692
2	ATC	NATC	0.964	0.019
2	NATC	ATC	0.950	0.037
1	SS	SS	0.858	0.858
2	OC	OC	0.824	0.824
2	CCSADVC	CCSADVC	0.925	0.925
2	CMBS	TADVC	0.402	0.025
2	ATC	ATC	0.749	0.749
1	SC	SC	0.929	0.929
2	AC	ATC	0.607	0.064
2	ATC	ATC	0.843	0.843
2	CCSADVC	CCSADVC	0.738	0.738
2	TADVC	ATC	0.388	0.226
1	SS	SS	0.859	0.859
1	ATC	NATC	0.985	0.015
2	ATC	ATC	0.999	0.999
1	OC	TADVC	0.428	0.156
2	TADVC	TADVC	0.312	0.312
3	AC	ATC	0.293	0.237
2	ATC	ATC	0.994	0.994
1	SS	SS	0.656	0.656
2	OC	OC	0.343	0.343
1	ATC	NATC	0.987	0.006
2	RADVC	MNRADVC	0.976	0.007
2	CCSADVC	CCSADVC	0.644	0.644
2	ATC	ATC	0.830	0.830
2	MNRADVC	RADVC	0.201	0.141
2	MNRADVC	RADVC	0.972	0.009
2	TADVC	TADVC	0.513	0.513
2	OC	ATC	0.483	0.428
2	CMFS	CMFS	0.450	0.450
2	CADVC	ATC	0.326	0.303
1	OC	WADVC	0.372	0.330
1	PC	PC	0.690	0.690
2	ATC	AC	0.465	0.273
2	WADVC	WADVC	0.843	0.843
2	RADVC	RADVC	0.226	0.226
2	CMBS	SS	0.202	0.169
2	CADVC	CADVC	0.966	0.966
2	ATC	ATC	1.000	1.000
2	ATC	ATC	0.999	0.999
2	CCSADVC	CCSADVC	0.991	0.991
2	ATC	ATC	0.914	0.914
3	CMAS	ATC	0.352	0.042
2	ATC	ATC	0.826	0.826
1	PADVC	PADVC	0.246	0.246
2	TADVC	TADVC	0.785	0.785
2	NATC	ATC	0.985	0.009
2	OC	AC	0.400	0.226
2	CCSADVC	CCSADVC	0.970	0.970
2	AC	AC	0.337	0.337
2	PC	PC	0.321	0.321
1	PADVC	CMPADVC	0.947	0.005
2	WADVC	ATC	0.359	0.314
2	TADVC	ATC	0.523	0.140
2	CADVC	OC	0.364	0.113
2	CMAS	CMAS	0.890	0.890
2	ATC	ATC	0.971	0.971
2	CMAS	CMAS	0.541	0.541
2	WADVC	CCSADVC	0.277	0.037
2	AC	OC	0.499	0.042
1	SC	SC	0.797	0.797
2	ATC	NATC	0.970	0.029
3	WADVC	WADVC	0.596	0.596
2	TADVC	ATC	0.908	0.018
3	PC	PC	0.776	0.776
2	OC	OC	0.792	0.792
2	CCSADVC	TADVC	0.433	0.159
2	RADVC	CCSADVC	0.516	0.187
2	OC	OC	0.882	0.882
1	PADVC	CMPADVC	0.967	0.016
2	AC	AC	0.669	0.669
3	ATC	ATC	0.957	0.957
2	RADVC	MNRADVC	0.952	0.030
2	AC	AC	0.539	0.539
2	SC	SC	0.398	0.398
2	TADVC	TADVC	0.920	0.920
3	AC	AC	0.452	0.452
2	NATC	ATC	0.987	0.010
1	CMPADVC	PADVC	0.954	0.019
2	PC	PC	0.444	0.444
2	NATC	ATC	0.978	0.021
1	SC	SC	0.883	0.883
2	RADVC	MNRADVC	0.946	0.050
2	ATC	ATC	0.971	0.971
2	CMBS	CMAS	0.304	0.144
2	CMCS	CMAS	0.717	0.001
2	PADVC	CMPADVC	0.960	0.016
2	PADVC	CMPADVC	0.971	0.019
2	OC	OC	0.618	0.618
2	ATC	ATC	0.985	0.985
3	CADVC	ATC	0.770	0.008
2	TADVC	TADVC	0.288	0.288
2	AC	AC	0.746	0.746
2	ATC	NATC	0.967	0.030
2	CMPADVC	PADVC	0.954	0.008
1	CMCS	OC	0.246	0.003
2	NATC	ATC	0.969	0.020
3	ATC	ATC	0.786	0.786
2	PC	PC	0.828	0.828
2	ATC	NATC	0.952	0.021
1	ATC	NATC	0.972	0.020
2	OC	ATC	0.561	0.231
2	AC	AC	0.805	0.805
2	TADVC	TADVC	0.926	0.926
1	ATC	ATC	0.751	0.751
2	SC	SC	0.792	0.792
2	ATC	ATC	0.946	0.946
1	CMAS	CMAS	0.771	0.771
2	CADVC	CADVC	0.961	0.961
2	PADVC	CMPADVC	0.964	0.021
2	CMBS	CMAS	0.757	0.057
1	NATC	ATC	0.955	0.008
3	SC	OC	0.334	0.107
2	ATC	OC	0.464	0.084
1	ATC	WADVC	0.530	0.130
2	CCSADVC	CCSADVC	0.783	0.783
2	CCSADVC	CCSADVC	0.978	0.978
2	RSLADVC	PADVC	0.432	0.045
2	ATC	TADVC	0.583	0.264
2	WADVC	WADVC	0.854	0.854
2	CMPADVC	PADVC	0.941	0.009
2	AC	AC	0.393	0.393
2	PC	PC	0.822	0.822
1	RADVC	MNRADVC	0.933	0.041
2	CADVC	CADVC	0.504	0.504
2	ATC	ATC	0.960	0.960
2	NATC	ATC	0.987	0.003
2	CADVC	CCSADVC	0.546	0.102
2	ATC	ATC	0.758	0.758
2	ATC	ATC	0.989	0.989
2	NATC	ATC	0.826	0.152
2	AC	AC	0.406	0.406
1	CMBS	CMBS	0.934	0.934
2	AC	AC	0.466	0.466
1	SS	SS	0.873	0.873
2	SC	SC	0.410	0.410
2	RADVC	RADVC	0.404	0.404
2	ATC	ATC	0.960	0.960
2	CMBS	CMAS	0.359	0.154
2	CCSADVC	CCSADVC	0.981	0.981
1	CMCS	CMBS	0.504	0.002
3	ATC	ATC	0.983	0.983
2	NATC	ATC	0.990	0.009
1	WADVC	WADVC	0.822	0.822
2	ATC	ATC	0.921	0.921
2	CMFS	CMFS	0.291	0.291
2	RADVC	MNRADVC	0.970	0.021
2	CADVC	CADVC	0.514	0.514
3	AC	AC	0.610	0.610
1	ATC	NATC	0.546	0.452
2	PC	AC	0.407	0.178
2	AC	OC	0.507	0.201
2	OC	OC	0.407	0.407
2	CCSADVC	CCSADVC	0.992	0.992
2	TADVC	TADVC	0.905	0.905
2	TADVC	OC	0.550	0.050
2	CMFS	CMFS	0.857	0.857
2	RSLADVC	ATC	0.684	0.016
2	NATC	ATC	0.943	0.041
2	SC	SC	0.547	0.547
2	ATC	NATC	0.940	0.022
2	NATC	ATC	0.946	0.047
1	SS	SS	0.901	0.901
2	OC	OC	0.584	0.584
2	CCSADVC	CCSADVC	0.936	0.936
2	CMBS	ATC	0.267	0.079
2	ATC	ATC	0.884	0.884
1	SC	SC	0.857	0.857
2	AC	ATC	0.698	0.088
2	ATC	ATC	0.980	0.980
2	CCSADVC	CCSADVC	0.727	0.727
2	TADVC	TADVC	0.538	0.538
1	SS	SS	0.875	0.875
1	ATC	NATC	0.975	0.025
2	ATC	ATC	0.999	0.999
1	OC	TADVC	0.547	0.186
2	TADVC	RADVC	0.223	0.125
3	AC	ATC	0.516	0.044
2	ATC	ATC	0.995	0.995
1	SS	SS	0.837	0.837
2	OC	OC	0.504	0.504
1	ATC	NATC	0.972	0.018
2	RADVC	MNRADVC	0.952	0.017
2	CCSADVC	CCSADVC	0.705	0.705
2	ATC	ATC	0.793	0.793
2	MNRADVC	RADVC	0.226	0.155
2	MNRADVC	RADVC	0.958	0.016
2	TADVC	TADVC	0.438	0.438
2	OC	OC	0.454	0.454
2	CMFS	CMFS	0.617	0.617
2	CADVC	CADVC	0.423	0.423
1	OC	OC	0.514	0.514
1	PC	PC	0.556	0.556
2	ATC	AC	0.240	0.202
