2	CCSADVC	CCSADVC	0.944	0.944
2	NATC	ATC	0.875	0.120
2	AC	AC	0.918	0.918
3	OC	OC	0.737	0.737
2	WADVC	WADVC	0.915	0.915
2	AC	AC	0.950	0.950
2	OC	OC	0.795	0.795
3	OC	OC	0.904	0.904
2	ATC	ATC	0.953	0.953
2	ATC	NATC	0.968	0.014
2	CMFS	CADVC	0.463	0.288
2	ATC	ATC	0.464	0.464
1	PC	PC	0.930	0.930
2	CADVC	CADVC	0.489	0.489
2	RSLADVC	AC	0.449	0.020
3	ATC	NATC	0.841	0.154
1	SC	AC	0.787	0.022
2	PC	PC	0.859	0.859
2	RADVC	MNRADVC	0.910	0.059
2	RADVC	MNRADVC	0.832	0.139
2	WADVC	WADVC	0.997	0.997
2	SC	SC	0.581	0.581
3	ATC	ATC	0.505	0.505
2	OC	AC	0.452	0.011
2	CCSADVC	CCSADVC	0.964	0.964
2	PC	PC	0.271	0.271
1	SC	SC	0.440	0.440
2	AC	AC	0.956	0.956
2	ATC	ATC	0.796	0.796
1	SC	SC	0.966	0.966
2	RADVC	RADVC	0.839	0.839
2	PC	RADVC	0.968	0.003
1	CMCS	CMBS	0.919	0.002
2	OC	OC	0.536	0.536
2	PC	PC	0.803	0.803
2	ATC	ATC	0.705	0.705
2	PADVC	CMPADVC	0.612	0.164
1	RADVC	TADVC	0.172	0.003
2	CADVC	CCSADVC	0.827	0.048
1	NATC	ATC	0.736	0.084
2	PC	ATC	0.837	0.088
2	PC	ATC	0.654	0.005
1	PADVC	CMPADVC	0.885	0.069
2	NATC	ATC	0.796	0.203
1	SS	SS	0.803	0.803
2	OC	OC	0.975	0.975
1	SC	SC	0.992	0.992
2	OC	OC	0.817	0.817
2	ATC	ATC	0.989	0.989
2	MNRADVC	RADVC	0.868	0.036
2	CCSADVC	CCSADVC	0.324	0.324
2	ATC	ATC	0.989	0.989
1	NATC	ATC	0.924	0.067
1	CMBS	SS	0.423	0.332
1	SC	SC	0.701	0.701
2	RADVC	RADVC	0.974	0.974
2	MNRADVC	RADVC	0.894	0.077
1	NATC	ATC	0.966	0.034
1	SC	SC	0.991	0.991
1	SC	SC	0.953	0.953
1	ATC	ATC	0.538	0.538
2	AC	AC	0.979	0.979
2	OC	OC	0.926	0.926
2	ATC	ATC	0.886	0.886
2	NATC	ATC	0.973	0.027
2	CMPADVC	PADVC	0.875	0.048
2	ATC	NATC	0.876	0.113
2	CMFS	CADVC	0.477	0.375
1	SS	SS	0.944	0.944
2	RADVC	MNRADVC	0.602	0.037
2	NATC	ATC	0.960	0.039
2	CMFS	ATC	0.380	0.314
2	CMPADVC	PADVC	0.901	0.070
2	MNRADVC	RADVC	0.549	0.033
2	TADVC	TADVC	0.858	0.858
2	CADVC	CADVC	0.673	0.673
2	TADVC	TADVC	0.679	0.679
2	TADVC	TADVC	0.856	0.856
2	RADVC	TADVC	0.652	0.254
2	CADVC	CADVC	0.879	0.879
2	NATC	ATC	0.901	0.096
2	TADVC	TADVC	0.461	0.461
2	AC	OC	0.287	0.225
2	OC	ATC	0.930	0.044
2	NATC	ATC	0.531	0.468
2	ATC	ATC	0.995	0.995
2	ATC	TADVC	0.527	0.441
2	TADVC	TADVC	0.848	0.848
2	ATC	NATC	0.609	0.389
3	PC	PC	0.900	0.900
2	PADVC	OC	0.828	0.045
3	CMAS	ATC	0.773	0.014
2	NATC	TADVC	0.527	0.022
1	RADVC	MNRADVC	0.684	0.001
2	ATC	ATC	0.836	0.836
2	OC	AC	0.696	0.111
2	PC	RADVC	0.966	0.000
2	CADVC	CADVC	0.799	0.799
2	ATC	ATC	0.881	0.881
4	PC	NATC	0.543	0.435
2	ATC	NATC	0.874	0.084
2	TADVC	TADVC	0.714	0.714
2	CADVC	CADVC	0.931	0.931
2	TADVC	AC	0.570	0.161
2	PADVC	CMPADVC	0.832	0.031
1	SC	SC	0.940	0.940
1	RADVC	MNRADVC	0.823	0.001
2	NATC	ATC	0.951	0.031
1	TADVC	ATC	0.239	0.000
3	CCSADVC	ATC	0.390	0.303
2	ATC	ATC	0.496	0.496
2	PADVC	CADVC	0.514	0.235
2	CADVC	OC	0.664	0.006
2	PC	MNRADVC	0.476	0.004
2	CCSADVC	OC	0.487	0.022
2	SC	SC	0.411	0.411
2	ATC	ATC	0.714	0.714
2	PC	PC	0.896	0.896
1	SC	SC	0.672	0.672
2	ATC	TADVC	0.479	0.101
1	NATC	ATC	0.969	0.031
2	RADVC	MNRADVC	0.901	0.038
2	MNRADVC	MNRADVC	0.507	0.507
2	NATC	RADVC	0.336	0.327
2	ATC	ATC	0.973	0.973
2	AC	AC	0.425	0.425
2	CMAS	CMAS	0.916	0.916
2	TADVC	TADVC	0.814	0.814
1	SC	CMPADVC	0.373	0.018
2	ATC	ATC	0.919	0.919
2	ATC	NATC	0.984	0.009
2	ATC	ATC	0.531	0.531
2	CMPADVC	CMPADVC	0.612	0.612
2	TADVC	PADVC	0.382	0.174
2	PADVC	CMPADVC	0.619	0.129
2	WADVC	CCSADVC	0.659	0.296
2	OC	PC	0.849	0.041
2	AC	AC	0.865	0.865
2	RADVC	MNRADVC	0.507	0.383
2	SC	SC	0.719	0.719
2	CMBS	CMBS	0.630	0.630
2	CMAS	CMBS	0.580	0.260
2	CCSADVC	CCSADVC	0.896	0.896
2	RADVC	MNRADVC	0.736	0.017
2	NATC	ATC	0.705	0.280
2	ATC	ATC	0.662	0.662
1	ATC	WADVC	0.534	0.365
2	ATC	ATC	0.500	0.500
2	PC	PC	0.996	0.996
2	TADVC	TADVC	0.897	0.897
2	ATC	RADVC	0.336	0.140
2	PADVC	CADVC	0.736	0.105
2	TADVC	RADVC	0.316	0.016
2	CMBS	CMBS	0.563	0.563
2	SC	SC	0.947	0.947
3	CCSADVC	CCSADVC	0.856	0.856
2	NATC	NATC	0.874	0.874
2	AC	WADVC	0.860	0.081
2	TADVC	TADVC	0.992	0.992
2	SC	SC	0.711	0.711
2	PC	PC	0.990	0.990
2	ATC	NATC	0.823	0.125
2	PC	PC	0.992	0.992
2	AC	AC	0.635	0.635
2	CADVC	CADVC	0.736	0.736
2	CMBS	CMBS	0.596	0.596
2	CMPADVC	PADVC	0.888	0.068
2	AC	WADVC	0.779	0.093
2	TADVC	ATC	0.538	0.454
2	RADVC	MNRADVC	0.856	0.105
2	ATC	ATC	0.926	0.926
2	NATC	ATC	0.664	0.224
2	CCSADVC	CCSADVC	0.972	0.972
2	PC	MNRADVC	0.709	0.000
2	PC	RADVC	0.881	0.001
2	CCSADVC	CCSADVC	0.984	0.984
2	CMPADVC	PADVC	0.720	0.091
2	ATC	NATC	0.958	0.042
1	WADVC	WADVC	0.997	0.997
2	PADVC	PADVC	0.530	0.530
1	ATC	OC	0.631	0.316
1	SS	SS	0.583	0.583
2	OC	OC	0.701	0.701
2	PADVC	SC	0.575	0.074
1	AC	ATC	0.970	0.009
2	SC	AC	0.570	0.007
2	TADVC	TADVC	0.538	0.538
2	ATC	ATC	0.908	0.908
2	ATC	ATC	0.713	0.713
2	MNRADVC	RADVC	0.787	0.148
2	CMPADVC	PADVC	0.913	0.063
2	CCSADVC	SC	0.548	0.015
2	OC	OC	0.566	0.566
2	SC	SC	0.556	0.556
3	PC	PC	0.896	0.896
2	SC	SC	0.971	0.971
2	PADVC	CMPADVC	0.871	0.074
2	PADVC	CMPADVC	0.845	0.020
1	ATC	ATC	0.962	0.962
2	OC	AC	0.842	0.023
2	CADVC	CADVC	0.995	0.995
2	ATC	ATC	0.935	0.935
2	ATC	ATC	0.731	0.731
2	CCSADVC	CCSADVC	0.916	0.916
3	SC	AC	0.381	0.281
1	WADVC	WADVC	0.972	0.972
2	WADVC	WADVC	0.827	0.827
2	PADVC	PADVC	0.428	0.428
2	PC	RADVC	0.904	0.010
2	ATC	NATC	0.972	0.014
2	TADVC	TADVC	0.349	0.349
2	OC	OC	0.893	0.893
2	PC	PC	0.767	0.767
2	MNRADVC	RADVC	0.762	0.220
1	ATC	NATC	0.500	0.451
2	RADVC	MNRADVC	0.904	0.017
1	SS	SS	0.748	0.748
2	CCSADVC	CCSADVC	0.989	0.989
1	AC	ATC	0.714	0.078
2	ATC	ATC	0.655	0.655
1	NATC	ATC	0.794	0.198
2	CMPADVC	PADVC	0.891	0.099
2	PADVC	PADVC	0.835	0.835
1	NATC	ATC	0.887	0.092
2	NATC	ATC	0.829	0.160
2	CCSADVC	CCSADVC	0.973	0.973
2	CCSADVC	CCSADVC	0.944	0.944
2	CMPADVC	PADVC	0.661	0.132
2	CCSADVC	CCSADVC	0.768	0.768
2	CCSADVC	CCSADVC	0.892	0.892
2	TADVC	OC	0.820	0.010
1	ATC	ATC	0.985	0.985
2	CADVC	CADVC	0.864	0.864
2	PADVC	CMPADVC	0.728	0.041
2	ATC	ATC	0.990	0.990
1	CMAS	CMBS	0.582	0.181
2	ATC	ATC	0.991	0.991
2	CMAS	CMAS	0.695	0.695
1	CMAS	CMAS	0.464	0.464
2	WADVC	WADVC	0.259	0.259
2	ATC	NATC	0.601	0.395
3	CCSADVC	CCSADVC	0.804	0.804
2	PC	AC	0.605	0.144
1	TADVC	RADVC	0.317	0.008
2	RADVC	RADVC	0.723	0.723
2	RADVC	MNRADVC	0.749	0.009
1	ATC	ATC	0.794	0.794
2	PC	PC	0.933	0.933
2	RADVC	RADVC	0.870	0.870
1	ATC	NATC	0.850	0.149
2	AC	AC	0.965	0.965
2	TADVC	TADVC	0.817	0.817
2	RSLADVC	CADVC	0.505	0.040
2	CADVC	CCSADVC	0.483	0.282
1	SC	SC	0.994	0.994
2	WADVC	WADVC	0.439	0.439
2	ATC	ATC	0.952	0.952
3	ATC	ATC	0.780	0.780
2	CMFS	CMFS	0.715	0.715
2	RADVC	MNRADVC	0.838	0.008
1	SS	SS	0.752	0.752
1	ATC	ATC	0.931	0.931
2	OC	OC	0.805	0.805
2	AC	ATC	0.989	0.001
2	PADVC	AC	0.844	0.020
1	SC	SC	0.762	0.762
2	ATC	NATC	0.950	0.041
2	ATC	ATC	0.974	0.974
2	WADVC	WADVC	0.927	0.927
2	ATC	ATC	0.974	0.974
1	OC	OC	0.931	0.931
1	NATC	ATC	0.879	0.096
2	PADVC	CMPADVC	0.874	0.015
2	CCSADVC	NATC	0.464	0.057
2	ATC	NATC	0.863	0.137
2	AC	AC	0.548	0.548
2	RADVC	CADVC	0.329	0.172
2	OC	ATC	0.586	0.011
2	PADVC	CCSADVC	0.450	0.083
2	ATC	NATC	0.772	0.228
3	AC	AC	0.794	0.794
2	NATC	ATC	0.723	0.159
3	ATC	ATC	0.914	0.914
2	SC	AC	0.358	0.329
2	PC	PC	0.860	0.860
2	CMFS	CMFS	0.796	0.796
2	AC	AC	0.536	0.536
2	AC	OC	0.401	0.138
1	SC	SC	0.673	0.673
2	RADVC	TADVC	0.752	0.146
2	ATC	AC	0.453	0.403
1	NATC	ATC	0.956	0.044
1	SC	SC	0.845	0.845
2	PADVC	PADVC	0.621	0.621
2	WADVC	WADVC	0.504	0.504
1	CMBS	CMCS	0.404	0.322
1	CMPADVC	PADVC	0.909	0.045
2	ATC	ATC	0.992	0.992
2	CCSADVC	CCSADVC	0.317	0.317
1	CADVC	CADVC	0.884	0.884
2	CCSADVC	SC	0.661	0.196
2	CADVC	CADVC	0.949	0.949
2	TADVC	TADVC	0.924	0.924
2	ATC	ATC	0.773	0.773
2	ATC	ATC	0.773	0.773
2	CADVC	CADVC	0.912	0.912
1	ATC	ATC	0.992	0.992
2	ATC	ATC	1.000	1.000
2	CMFS	TADVC	0.546	0.136
2	ATC	ATC	1.000	1.000
2	RADVC	RADVC	0.900	0.900
2	CADVC	CADVC	0.892	0.892
2	PC	PC	0.955	0.955
1	ATC	ATC	0.977	0.977
2	CCSADVC	CCSADVC	0.720	0.720
3	CMAS	CMAS	0.861	0.861
2	CADVC	CADVC	0.471	0.471
2	RADVC	MNRADVC	0.789	0.008
3	PC	PC	0.993	0.993
1	ATC	NATC	0.924	0.076
2	PC	PC	0.980	0.980
2	ATC	NATC	0.959	0.018
2	PC	PC	0.984	0.984
2	AC	AC	0.450	0.450
2	CADVC	CADVC	0.266	0.266
2	CMBS	CMBS	0.225	0.225
2	CMPADVC	PADVC	0.969	0.016
2	AC	AC	0.311	0.311
2	TADVC	TADVC	0.528	0.528
2	RADVC	MNRADVC	0.965	0.022
2	ATC	ATC	0.878	0.878
2	NATC	ATC	0.959	0.022
2	CCSADVC	CCSADVC	0.717	0.717
2	PC	RADVC	0.733	0.001
2	PC	RADVC	0.643	0.031
2	CCSADVC	CCSADVC	0.994	0.994
2	CMPADVC	PADVC	0.939	0.013
2	ATC	NATC	0.985	0.015
1	WADVC	WADVC	0.987	0.987
2	PADVC	PADVC	0.319	0.319
1	ATC	ATC	0.847	0.847
1	SS	SS	0.622	0.622
2	OC	OC	0.799	0.799
2	PADVC	PADVC	0.235	0.235
1	AC	ATC	0.432	0.405
2	SC	OC	0.478	0.131
2	TADVC	TADVC	0.910	0.910
2	ATC	ATC	0.933	0.933
2	ATC	ATC	0.871	0.871
2	MNRADVC	RADVC	0.965	0.019
2	CMPADVC	PADVC	0.975	0.014
2	CCSADVC	SC	0.376	0.344
2	OC	PC	0.187	0.187
2	SC	SC	0.851	0.851
3	PC	PC	0.936	0.936
2	SC	SC	0.974	0.974
2	PADVC	CMPADVC	0.948	0.021
2	PADVC	CMPADVC	0.963	0.012
1	ATC	ATC	0.896	0.896
2	OC	OC	0.365	0.365
2	CADVC	CADVC	0.938	0.938
2	ATC	ATC	0.975	0.975
2	ATC	ATC	0.798	0.798
2	CCSADVC	CCSADVC	0.984	0.984
3	SC	OC	0.248	0.160
1	WADVC	WADVC	0.820	0.820
2	WADVC	WADVC	0.817	0.817
2	PADVC	PADVC	0.425	0.425
2	PC	RADVC	0.823	0.006
2	ATC	NATC	0.986	0.005
2	TADVC	TADVC	0.196	0.196
2	OC	OC	0.699	0.699
2	PC	PC	0.865	0.865
2	MNRADVC	RADVC	0.948	0.037
1	ATC	ATC	0.491	0.491
2	RADVC	MNRADVC	0.967	0.007
1	SS	SS	0.823	0.823
2	CCSADVC	CCSADVC	0.995	0.995
1	AC	ATC	0.698	0.035
2	ATC	ATC	0.918	0.918
1	NATC	ATC	0.677	0.283
2	CMPADVC	PADVC	0.966	0.021
2	PADVC	PADVC	0.492	0.492
1	NATC	ATC	0.970	0.021
2	NATC	ATC	0.981	0.012
2	CCSADVC	CCSADVC	0.971	0.971
2	CCSADVC	CCSADVC	0.980	0.980
2	CMPADVC	PADVC	0.946	0.013
2	CCSADVC	CCSADVC	0.986	0.986
2	CCSADVC	CCSADVC	0.932	0.932
2	TADVC	OC	0.460	0.071
1	ATC	ATC	0.968	0.968
2	CADVC	CADVC	0.819	0.819
2	PADVC	CMPADVC	0.934	0.007
2	ATC	ATC	0.987	0.987
1	CMAS	CMAS	0.383	0.383
2	ATC	ATC	0.992	0.992
2	CMAS	CMAS	0.794	0.794
1	CMAS	CMAS	0.687	0.687
2	WADVC	ATC	0.580	0.141
2	ATC	NATC	0.503	0.492
3	CCSADVC	CCSADVC	0.966	0.966
2	PC	PC	0.630	0.630
1	TADVC	ATC	0.141	0.100
2	RADVC	RADVC	0.704	0.704
2	RADVC	MNRADVC	0.929	0.002
1	ATC	ATC	0.677	0.677
2	PC	PC	0.663	0.663
2	RADVC	RADVC	0.922	0.922
1	ATC	NATC	0.664	0.333
2	AC	AC	0.476	0.476
2	TADVC	TADVC	0.765	0.765
2	RSLADVC	PADVC	0.250	0.134
2	CADVC	CADVC	0.846	0.846
1	SC	SC	0.993	0.993
2	WADVC	WADVC	0.451	0.451
2	ATC	ATC	0.993	0.993
3	ATC	ATC	0.965	0.965
2	CMFS	CMFS	0.757	0.757
2	RADVC	MNRADVC	0.945	0.005
1	SS	SS	0.685	0.685
1	ATC	ATC	0.823	0.823
2	OC	OC	0.519	0.519
2	AC	ATC	0.923	0.017
2	PADVC	AC	0.350	0.139
1	SC	SC	0.836	0.836
2	ATC	NATC	0.976	0.020
2	ATC	ATC	0.972	0.972
2	WADVC	WADVC	0.558	0.558
2	ATC	ATC	0.948	0.948
1	OC	OC	0.871	0.871
1	NATC	ATC	0.985	0.012
2	PADVC	CMPADVC	0.946	0.004
2	CCSADVC	ATC	0.303	0.104
2	ATC	NATC	0.978	0.021
2	AC	OC	0.625	0.257
2	RADVC	RADVC	0.912	0.912
2	OC	ATC	0.424	0.217
2	PADVC	CCSADVC	0.338	0.195
2	ATC	NATC	0.970	0.029
3	AC	AC	0.674	0.674
2	NATC	ATC	0.962	0.017
3	ATC	ATC	0.931	0.931
2	SC	SC	0.634	0.634
2	PC	PC	0.821	0.821
2	CMFS	CMFS	0.827	0.827
2	AC	ATC	0.485	0.448
2	AC	OC	0.258	0.237
1	SC	SC	0.750	0.750
2	RADVC	TADVC	0.497	0.209
2	ATC	ATC	0.619	0.619
1	NATC	ATC	0.991	0.009
1	SC	SC	0.896	0.896
2	PADVC	PADVC	0.478	0.478
2	WADVC	WADVC	0.551	0.551
1	CMBS	CMBS	0.788	0.788
1	CMPADVC	PADVC	0.961	0.015
2	ATC	ATC	0.956	0.956
2	CCSADVC	TADVC	0.244	0.230
1	CADVC	CADVC	0.809	0.809
2	CCSADVC	SC	0.572	0.136
2	CADVC	CADVC	0.892	0.892
2	TADVC	TADVC	0.511	0.511
2	ATC	ATC	0.764	0.764
2	ATC	ATC	0.993	0.993
2	CADVC	CADVC	0.939	0.939
1	ATC	ATC	0.993	0.993
2	ATC	ATC	0.999	0.999
2	CMFS	TADVC	0.259	0.196
2	ATC	ATC	1.000	1.000
2	RADVC	CCSADVC	0.612	0.222
2	CADVC	CADVC	0.928	0.928
2	PC	PC	0.667	0.667
1	ATC	ATC	0.926	0.926
2	CCSADVC	CCSADVC	0.708	0.708
3	CMAS	CMAS	0.900	0.900
2	CADVC	CADVC	0.742	0.742
2	RADVC	MNRADVC	0.952	0.005
3	PC	PC	0.992	0.992
1	ATC	NATC	0.982	0.017
