2	CCSADVC	CCSADVC	0.992	0.992
2	NATC	ATC	0.980	0.017
2	AC	AC	0.826	0.826
3	OC	OC	0.325	0.325
2	WADVC	WADVC	0.565	0.565
2	AC	AC	0.698	0.698
2	OC	OC	0.597	0.597
3	OC	OC	0.932	0.932
2	ATC	ATC	0.974	0.974
2	ATC	NATC	0.979	0.011
2	CMFS	CMFS	0.465	0.465
2	ATC	ATC	0.467	0.467
1	PC	PC	0.773	0.773
2	CADVC	OC	0.743	0.010
2	RSLADVC	ATC	0.345	0.125
3	ATC	NATC	0.971	0.029
1	SC	SC	0.678	0.678
2	PC	PC	0.981	0.981
2	RADVC	MNRADVC	0.972	0.014
2	RADVC	MNRADVC	0.970	0.016
2	WADVC	WADVC	0.962	0.962
2	SC	SC	0.598	0.598
3	ATC	ATC	0.862	0.862
2	OC	ATC	0.956	0.006
2	CCSADVC	CCSADVC	0.992	0.992
2	PC	ATC	0.691	0.095
1	SC	RADVC	0.223	0.133
2	AC	AC	0.817	0.817
2	ATC	ATC	0.997	0.997
1	SC	SC	0.797	0.797
2	RADVC	CCSADVC	0.595	0.063
2	PC	RADVC	0.716	0.043
1	CMCS	CMBS	0.935	0.001
2	OC	OC	0.655	0.655
2	PC	PC	0.463	0.463
2	ATC	ATC	0.925	0.925
2	PADVC	SC	0.549	0.050
1	RADVC	RADVC	0.332	0.332
2	CADVC	CCSADVC	0.425	0.393
1	NATC	ATC	0.965	0.014
2	PC	ATC	0.766	0.166
2	PC	ATC	0.579	0.013
1	PADVC	CMPADVC	0.965	0.016
2	NATC	ATC	0.977	0.023
1	SS	SS	0.667	0.667
2	OC	OC	0.947	0.947
1	SC	SC	0.988	0.988
2	OC	OC	0.692	0.692
2	ATC	ATC	0.998	0.998
2	MNRADVC	RADVC	0.953	0.026
2	CCSADVC	CCSADVC	0.230	0.230
2	ATC	ATC	0.998	0.998
1	NATC	ATC	0.977	0.008
1	CMBS	CMBS	0.831	0.831
1	SC	SC	0.574	0.574
2	RADVC	RADVC	0.978	0.978
2	MNRADVC	RADVC	0.954	0.010
1	NATC	ATC	0.982	0.018
1	SC	SC	0.941	0.941
1	SC	SC	0.460	0.460
1	ATC	ATC	0.969	0.969
2	AC	AC	0.796	0.796
2	OC	OC	0.513	0.513
2	ATC	ATC	0.956	0.956
2	NATC	ATC	0.916	0.077
2	CMPADVC	PADVC	0.962	0.016
2	ATC	NATC	0.969	0.019
2	CMFS	CADVC	0.736	0.065
1	SS	SS	0.455	0.455
2	RADVC	MNRADVC	0.953	0.006
2	NATC	ATC	0.988	0.009
2	CMFS	PADVC	0.592	0.058
2	CMPADVC	PADVC	0.974	0.008
2	MNRADVC	RADVC	0.937	0.003
2	TADVC	ATC	0.334	0.274
2	CADVC	CADVC	0.858	0.858
2	TADVC	ATC	0.699	0.286
2	TADVC	TADVC	0.971	0.971
2	RADVC	TADVC	0.515	0.370
2	CADVC	CADVC	0.977	0.977
2	NATC	ATC	0.990	0.009
2	TADVC	TADVC	0.792	0.792
2	AC	AC	0.864	0.864
2	OC	ATC	0.965	0.002
2	NATC	ATC	0.999	0.001
2	ATC	ATC	1.000	1.000
2	ATC	TADVC	0.678	0.190
2	TADVC	TADVC	0.875	0.875
2	ATC	NATC	0.951	0.047
3	PC	PC	0.973	0.973
2	PADVC	ATC	0.532	0.110
3	CMAS	ATC	0.900	0.029
2	NATC	TADVC	0.678	0.043
1	RADVC	MNRADVC	0.987	0.004
2	ATC	ATC	0.929	0.929
2	OC	ATC	0.517	0.043
2	PC	CCSADVC	0.815	0.000
2	CADVC	CADVC	0.562	0.562
2	ATC	ATC	0.594	0.594
4	PC	PC	0.976	0.976
2	ATC	ATC	0.959	0.959
2	TADVC	TADVC	0.956	0.956
2	CADVC	CADVC	0.940	0.940
2	TADVC	ATC	0.688	0.040
2	PADVC	CMPADVC	0.944	0.013
1	SC	SC	0.975	0.975
1	RADVC	MNRADVC	0.965	0.004
2	NATC	ATC	0.985	0.008
1	TADVC	ATC	0.367	0.032
3	CCSADVC	CCSADVC	0.958	0.958
2	ATC	ATC	0.623	0.623
2	PADVC	OC	0.488	0.149
2	CADVC	CADVC	0.649	0.649
2	PC	MNRADVC	0.258	0.065
2	CCSADVC	OC	0.539	0.002
2	SC	SC	0.845	0.845
2	ATC	ATC	0.984	0.984
2	PC	PC	0.601	0.601
1	SC	SC	0.589	0.589
2	ATC	TADVC	0.696	0.265
1	NATC	ATC	0.997	0.003
2	RADVC	MNRADVC	0.972	0.005
2	MNRADVC	MNRADVC	0.515	0.515
2	NATC	ATC	0.287	0.221
2	ATC	ATC	0.916	0.916
2	AC	OC	0.749	0.151
2	CMAS	CMAS	0.873	0.873
2	TADVC	ATC	0.718	0.222
1	SC	ATC	0.808	0.103
2	ATC	ATC	0.919	0.919
2	ATC	NATC	0.983	0.014
2	ATC	ATC	0.999	0.999
2	CMPADVC	SC	0.549	0.163
2	TADVC	TADVC	0.566	0.566
2	PADVC	CMPADVC	0.949	0.017
2	WADVC	WADVC	0.659	0.659
2	OC	OC	0.487	0.487
2	AC	AC	0.900	0.900
2	RADVC	MNRADVC	0.515	0.227
2	SC	SC	0.646	0.646
2	CMBS	ATC	0.122	0.062
2	CMAS	CMAS	0.628	0.628
2	CCSADVC	CCSADVC	0.990	0.990
2	RADVC	MNRADVC	0.950	0.009
2	NATC	ATC	0.925	0.071
2	ATC	PADVC	0.539	0.343
1	ATC	WADVC	0.471	0.048
2	ATC	ATC	0.800	0.800
2	PC	PC	0.822	0.822
2	TADVC	TADVC	0.815	0.815
2	ATC	ATC	0.287	0.287
2	PADVC	OC	0.819	0.018
2	TADVC	ATC	0.470	0.330
2	CMBS	RSLADVC	0.258	0.010
2	SC	SC	0.572	0.572
3	CCSADVC	CCSADVC	0.978	0.978
2	NATC	ATC	0.959	0.033
2	AC	AC	0.442	0.442
2	TADVC	TADVC	0.894	0.894
2	SC	AC	0.445	0.400
