2	ATC	AC	0.251	0.088
2	AC	AC	0.938	0.938
2	PADVC	CMPADVC	0.932	0.012
2	CCSADVC	CCSADVC	0.917	0.917
2	ATC	ATC	0.997	0.997
2	CMFS	NATC	0.267	0.112
2	CMPADVC	PADVC	0.953	0.004
2	RADVC	RADVC	0.777	0.777
2	WADVC	WADVC	0.968	0.968
2	CMFS	CMFS	0.300	0.300
2	MNRADVC	RADVC	0.927	0.000
1	OC	OC	0.500	0.500
2	MNRADVC	RADVC	0.974	0.016
4	PC	PC	0.994	0.994
2	PADVC	CMPADVC	0.968	0.021
2	RADVC	RADVC	0.953	0.953
2	PADVC	CMPADVC	0.947	0.015
3	OC	OC	0.434	0.434
2	ATC	ATC	0.939	0.939
2	TADVC	PC	0.247	0.237
1	SC	SC	0.901	0.901
2	PC	PC	0.726	0.726
2	TADVC	CMFS	0.288	0.081
2	CMPADVC	PADVC	0.973	0.013
2	ATC	NATC	0.981	0.018
2	CMFS	CMFS	0.409	0.409
2	ATC	NATC	0.979	0.020
2	CCSADVC	CCSADVC	0.998	0.998
2	TADVC	TADVC	0.896	0.896
2	OC	OC	0.780	0.780
2	ATC	ATC	0.974	0.974
2	AC	ATC	0.469	0.322
2	ATC	ATC	0.928	0.928
2	ATC	ATC	0.426	0.426
2	CADVC	CADVC	0.899	0.899
2	SC	PADVC	0.342	0.079
3	ATC	ATC	0.858	0.858
2	OC	OC	0.709	0.709
2	ATC	NATC	0.983	0.014
2	CADVC	CADVC	0.596	0.596
2	RSLADVC	ATC	0.813	0.024
2	TADVC	ATC	0.900	0.087
2	OC	OC	0.383	0.383
2	NATC	ATC	0.988	0.012
2	OC	OC	0.970	0.970
2	RADVC	PADVC	0.266	0.027
4	CCSADVC	ATC	0.517	0.452
2	ATC	TADVC	0.564	0.331
2	AC	AC	0.701	0.701
2	CMFS	CMFS	0.371	0.371
2	NATC	ATC	0.953	0.036
1	OC	TADVC	0.622	0.042
2	CMCS	CMBS	0.458	0.002
2	OC	AC	0.559	0.376
1	ATC	NATC	0.979	0.007
2	RADVC	MNRADVC	0.891	0.073
2	CMPADVC	PADVC	0.952	0.020
2	RADVC	MNRADVC	0.721	0.220
2	PADVC	PADVC	0.735	0.735
2	RADVC	RADVC	0.465	0.465
2	AC	OC	0.427	0.413
3	CCSADVC	CCSADVC	0.757	0.757
2	TADVC	TADVC	0.839	0.839
2	CCSADVC	CCSADVC	0.997	0.997
2	ATC	ATC	0.785	0.785
1	WADVC	WADVC	0.974	0.974
2	AC	ATC	0.710	0.052
1	NATC	ATC	0.986	0.009
2	AC	AC	0.964	0.964
2	TADVC	TADVC	0.319	0.319
2	CCSADVC	CCSADVC	0.983	0.983
1	ATC	WADVC	0.488	0.035
2	TADVC	TADVC	0.552	0.552
2	CADVC	CADVC	0.942	0.942
2	ATC	ATC	0.960	0.960
2	CCSADVC	CCSADVC	0.995	0.995
1	CMPADVC	PADVC	0.968	0.002
2	TADVC	TADVC	0.515	0.515
2	AC	AC	0.896	0.896
2	MNRADVC	RADVC	0.968	0.013
2	OC	CADVC	0.155	0.151
2	PADVC	PADVC	0.291	0.291
2	SC	SC	0.616	0.616
2	RADVC	OC	0.224	0.136
2	PADVC	PADVC	0.443	0.443
2	PC	MNRADVC	0.213	0.088
1	ATC	NATC	0.974	0.007
2	ATC	ATC	0.766	0.766
2	NATC	ATC	0.998	0.001
2	CCSADVC	CCSADVC	0.994	0.994
1	SC	SC	0.846	0.846
2	AC	AC	0.455	0.455
1	SS	SS	0.768	0.768
2	CADVC	AC	0.370	0.132
1	SC	TADVC	0.475	0.230
2	ATC	PC	0.477	0.290
2	CMBS	CMBS	0.599	0.599
2	ATC	NATC	0.955	0.044
2	ATC	ATC	0.610	0.610
1	SS	SS	0.904	0.904
2	WADVC	WADVC	0.608	0.608
2	ATC	ATC	0.954	0.954
2	CADVC	CADVC	0.986	0.986
2	CADVC	SC	0.493	0.262
2	PC	SC	0.440	0.084
2	ATC	ATC	0.990	0.990
2	WADVC	TADVC	0.318	0.229
2	OC	CADVC	0.579	0.079
2	ATC	ATC	0.984	0.984
2	NATC	ATC	0.961	0.004
2	PADVC	CMPADVC	0.963	0.011
2	CMFS	NATC	0.271	0.187
2	RSLADVC	ATC	0.868	0.079
2	ATC	NATC	0.973	0.027
1	SC	SC	0.995	0.995
1	PADVC	PADVC	0.460	0.460
2	ATC	ATC	0.998	0.998
2	ATC	ATC	0.637	0.637
2	NATC	ATC	0.985	0.008
2	PADVC	PADVC	0.546	0.546
2	ATC	AC	0.629	0.036
2	ATC	ATC	0.930	0.930
1	AC	AC	0.430	0.430
2	CMBS	ATC	0.163	0.033
2	MNRADVC	MNRADVC	0.721	0.721
3	ATC	NATC	0.978	0.021
2	OC	CMPADVC	0.241	0.007
2	CMBS	OC	0.150	0.009
2	ATC	ATC	0.908	0.908
1	SC	SC	0.784	0.784
2	TADVC	TADVC	0.833	0.833
1	ATC	NATC	0.974	0.007
2	CCSADVC	CCSADVC	0.992	0.992
2	PC	PC	0.684	0.684
2	CCSADVC	CCSADVC	0.991	0.991
2	RSLADVC	OC	0.754	0.002
2	CMFS	CADVC	0.684	0.080
2	ATC	NATC	0.964	0.017
3	CCSADVC	CCSADVC	0.979	0.979
2	MNRADVC	OC	0.224	0.047
2	RADVC	RADVC	0.973	0.973
1	PADVC	CMPADVC	0.966	0.011
1	CADVC	CADVC	0.776	0.776
2	AC	AC	0.843	0.843
2	CMFS	TADVC	0.584	0.007
2	CMPADVC	PADVC	0.974	0.012
2	RADVC	MNRADVC	0.956	0.009
2	TADVC	AC	0.968	0.003
2	TADVC	TADVC	0.828	0.828
2	CMBS	CCSADVC	0.369	0.108
2	TADVC	TADVC	0.493	0.493
2	CCSADVC	OC	0.458	0.004
2	PADVC	CMPADVC	0.961	0.014
2	CMPADVC	PADVC	0.959	0.009
2	TADVC	ATC	0.801	0.014
1	CMBS	CMBS	0.931	0.931
1	SC	SC	0.969	0.969
2	ATC	NATC	0.954	0.022
2	PADVC	CMPADVC	0.941	0.003
2	ATC	ATC	0.996	0.996
