2	NATC	ATC	0.991	0.008
2	PC	PC	0.998	0.998
2	OC	CMPADVC	0.516	0.004
2	OC	OC	0.579	0.579
2	PC	AC	0.305	0.277
1	ATC	NATC	0.976	0.014
2	ATC	ATC	0.994	0.994
1	SS	SS	0.795	0.795
2	MNRADVC	RADVC	0.979	0.007
2	CCSADVC	CCSADVC	0.977	0.977
2	CMAS	CMAS	0.773	0.773
2	TADVC	ATC	0.789	0.188
1	AC	AC	0.367	0.367
2	MNRADVC	RADVC	0.702	0.022
2	ATC	NATC	0.970	0.026
2	WADVC	WADVC	0.450	0.450
2	ATC	ATC	0.971	0.971
2	AC	AC	0.543	0.543
2	AC	AC	0.739	0.739
2	NATC	NATC	0.516	0.516
2	AC	PC	0.647	0.043
3	PC	ATC	0.841	0.009
2	NATC	ATC	0.990	0.009
2	CADVC	CADVC	0.990	0.990
2	CMFS	CMFS	0.461	0.461
2	OC	ATC	0.896	0.006
2	ATC	NATC	0.970	0.021
2	CMPADVC	PADVC	0.931	0.004
2	MNRADVC	RADVC	0.958	0.013
2	OC	OC	0.781	0.781
2	PC	ATC	0.740	0.086
2	SC	SC	0.923	0.923
2	MNRADVC	RADVC	0.312	0.209
1	SC	ATC	0.796	0.112
2	CADVC	CADVC	0.930	0.930
2	CMPADVC	PADVC	0.950	0.010
2	OC	ATC	0.797	0.010
2	RADVC	RADVC	0.947	0.947
1	NATC	ATC	0.980	0.008
1	CMPADVC	PADVC	0.972	0.017
2	ATC	ATC	0.988	0.988
2	PC	PC	0.816	0.816
2	CMBS	NATC	0.264	0.220
2	ATC	ATC	0.785	0.785
2	MNRADVC	RADVC	0.960	0.005
1	NATC	ATC	0.994	0.004
2	ATC	OC	0.733	0.086
2	WADVC	WADVC	0.895	0.895
3	OC	OC	0.556	0.556
1	ATC	ATC	0.538	0.538
2	MNRADVC	RADVC	0.981	0.007
2	ATC	NATC	0.516	0.411
2	TADVC	TADVC	0.882	0.882
2	ATC	ATC	0.974	0.974
2	PC	PC	0.973	0.973
2	ATC	ATC	0.736	0.736
2	NATC	ATC	0.959	0.015
2	MNRADVC	RADVC	0.977	0.005
2	PADVC	CMPADVC	0.965	0.010
2	CADVC	CADVC	0.692	0.692
1	OC	OC	0.961	0.961
3	ATC	ATC	0.866	0.866
3	PC	PC	0.966	0.966
2	ATC	NATC	0.969	0.028
2	CCSADVC	CCSADVC	0.352	0.352
2	PC	PC	0.970	0.970
2	ATC	ATC	0.996	0.996
2	RADVC	MNRADVC	0.930	0.001
2	ATC	NATC	0.966	0.034
2	TADVC	TADVC	0.576	0.576
2	PC	PC	0.990	0.990
2	MNRADVC	RADVC	0.967	0.011
1	ATC	SS	0.397	0.123
2	ATC	ATC	0.954	0.954
2	CCSADVC	TADVC	0.467	0.375
2	ATC	NATC	0.960	0.038
2	ATC	NATC	0.986	0.013
2	CCSADVC	CCSADVC	0.965	0.965
1	SS	SS	0.480	0.480
2	ATC	ATC	0.933	0.933
2	RADVC	RADVC	0.312	0.312
2	PC	RADVC	0.720	0.007
2	CMPADVC	PADVC	0.951	0.009
2	ATC	ATC	0.931	0.931
2	ATC	ATC	0.946	0.946
2	NATC	ATC	0.984	0.007
2	AC	PADVC	0.549	0.014
2	CADVC	OC	0.513	0.246
2	ATC	NATC	0.976	0.023
2	ATC	ATC	0.338	0.338
2	RADVC	RADVC	0.702	0.702
3	WADVC	CCSADVC	0.854	0.018
2	CCSADVC	OC	0.605	0.002
2	PADVC	PADVC	0.545	0.545
2	ATC	ATC	1.000	1.000
2	CCSADVC	CCSADVC	0.735	0.735
2	PC	RADVC	0.414	0.015
2	CCSADVC	CCSADVC	0.656	0.656
1	ATC	ATC	0.984	0.984
2	CCSADVC	CCSADVC	0.984	0.984
2	ATC	ATC	0.774	0.774
1	PADVC	PADVC	0.574	0.574
2	OC	AC	0.279	0.193
2	AC	PC	0.469	0.169
2	CMPADVC	PADVC	0.970	0.010
1	SC	SC	0.887	0.887
2	NATC	ATC	0.963	0.005
2	PC	ATC	0.766	0.204
2	CCSADVC	CCSADVC	0.993	0.993
2	WADVC	WADVC	0.864	0.864
2	ATC	ATC	0.933	0.933
2	PADVC	PADVC	0.601	0.601
2	AC	PC	0.314	0.129
2	NATC	ATC	0.976	0.021
2	ATC	ATC	0.916	0.916
2	CMFS	PADVC	0.307	0.003
1	SC	SC	0.873	0.873
2	NATC	ATC	0.972	0.022
1	RADVC	MNRADVC	0.911	0.052
2	TADVC	TADVC	0.644	0.644
2	OC	OC	0.967	0.967
2	ATC	NATC	0.961	0.037
2	SC	ATC	0.320	0.083
2	OC	OC	0.808	0.808
2	PC	PC	0.808	0.808
2	PADVC	CMPADVC	0.942	0.003
2	CCSADVC	CCSADVC	0.879	0.879
2	OC	ATC	0.921	0.029
2	PADVC	PADVC	0.861	0.861
2	AC	ATC	0.499	0.245
1	CMAS	CMAS	0.934	0.934
2	RSLADVC	SC	0.846	0.003
2	OC	OC	0.573	0.573
2	MNRADVC	RADVC	0.960	0.008
2	RADVC	MNRADVC	0.957	0.007
2	ATC	ATC	0.985	0.985
2	CADVC	CADVC	0.952	0.952
2	PADVC	CMPADVC	0.958	0.011
2	TADVC	ATC	0.746	0.196
2	ATC	NATC	0.951	0.023
2	ATC	NATC	0.945	0.019
1	CMAS	CMAS	0.935	0.935
1	NATC	ATC	0.538	0.453
2	SC	SC	0.820	0.820
2	AC	AC	0.431	0.431
2	ATC	ATC	0.984	0.984
1	SC	SC	0.877	0.877
2	CCSADVC	CCSADVC	0.845	0.845
1	AC	AC	0.691	0.691
2	RADVC	MNRADVC	0.954	0.009
2	CADVC	CADVC	0.427	0.427
2	ATC	ATC	0.988	0.988
2	CMPADVC	PADVC	0.964	0.002
2	CADVC	TADVC	0.505	0.333
2	CMAS	CMAS	0.363	0.363
2	ATC	TADVC	0.544	0.288
2	ATC	ATC	0.979	0.979
1	NATC	ATC	0.978	0.021
2	PC	PC	0.592	0.592
1	ATC	ATC	0.998	0.998
