2	WADVC	WADVC	0.840	0.840
2	RADVC	RADVC	0.219	0.219
2	CMBS	CCSADVC	0.555	0.057
2	CADVC	CADVC	0.988	0.988
2	ATC	ATC	1.000	1.000
2	ATC	ATC	1.000	1.000
2	CCSADVC	CCSADVC	0.990	0.990
2	ATC	ATC	0.868	0.868
3	CMAS	ATC	0.465	0.122
2	ATC	ATC	0.763	0.763
1	PADVC	PADVC	0.412	0.412
2	TADVC	TADVC	0.486	0.486
2	NATC	ATC	0.988	0.007
2	OC	CCSADVC	0.322	0.310
2	CCSADVC	CCSADVC	0.993	0.993
2	AC	AC	0.382	0.382
2	PC	PC	0.484	0.484
1	PADVC	CMPADVC	0.963	0.004
2	WADVC	ATC	0.595	0.255
2	TADVC	TADVC	0.862	0.862
2	CADVC	OC	0.458	0.009
2	CMAS	CMAS	0.910	0.910
2	ATC	ATC	0.993	0.993
2	CMAS	ATC	0.687	0.107
2	WADVC	WADVC	0.615	0.615
2	AC	OC	0.181	0.046
1	SC	SC	0.879	0.879
2	ATC	NATC	0.973	0.025
3	WADVC	WADVC	0.544	0.544
2	TADVC	ATC	0.964	0.016
3	PC	PC	0.843	0.843
2	OC	OC	0.718	0.718
2	CCSADVC	TADVC	0.421	0.070
2	RADVC	CCSADVC	0.601	0.088
2	OC	OC	0.859	0.859
1	PADVC	CMPADVC	0.976	0.009
2	AC	AC	0.738	0.738
3	ATC	ATC	0.938	0.938
2	RADVC	MNRADVC	0.964	0.019
2	AC	AC	0.853	0.853
2	SC	SC	0.414	0.414
2	TADVC	TADVC	0.850	0.850
3	AC	AC	0.879	0.879
2	NATC	ATC	0.991	0.005
1	CMPADVC	PADVC	0.968	0.023
2	PC	PC	0.755	0.755
2	NATC	ATC	0.976	0.022
1	SC	SC	0.870	0.870
2	RADVC	MNRADVC	0.892	0.101
2	ATC	ATC	0.954	0.954
2	CMBS	OC	0.427	0.059
2	CMCS	CMAS	0.466	0.001
2	PADVC	CMPADVC	0.968	0.009
2	PADVC	CMPADVC	0.974	0.016
2	OC	OC	0.667	0.667
2	ATC	ATC	0.994	0.994
3	CADVC	ATC	0.234	0.107
2	TADVC	TADVC	0.621	0.621
2	AC	AC	0.733	0.733
2	ATC	NATC	0.970	0.028
2	CMPADVC	PADVC	0.953	0.003
1	CMCS	WADVC	0.605	0.005
2	NATC	ATC	0.962	0.023
3	ATC	ATC	0.896	0.896
2	PC	PC	0.867	0.867
2	ATC	NATC	0.963	0.014
1	ATC	NATC	0.969	0.025
2	OC	OC	0.581	0.581
2	AC	AC	0.916	0.916
2	TADVC	TADVC	0.806	0.806
1	ATC	AC	0.960	0.033
2	SC	SC	0.806	0.806
2	ATC	ATC	0.933	0.933
1	CMAS	CMAS	0.737	0.737
2	CADVC	CADVC	0.938	0.938
2	PADVC	CMPADVC	0.967	0.023
2	CMBS	CMAS	0.468	0.119
1	NATC	ATC	0.954	0.015
3	SC	OC	0.434	0.180
2	ATC	PADVC	0.273	0.045
1	ATC	TADVC	0.543	0.066
2	CCSADVC	CCSADVC	0.935	0.935
2	CCSADVC	CCSADVC	0.974	0.974
2	RSLADVC	PADVC	0.863	0.022
2	ATC	TADVC	0.493	0.445
2	WADVC	WADVC	0.593	0.593
2	CMPADVC	PADVC	0.957	0.009
2	AC	ATC	0.489	0.424
2	PC	PC	0.539	0.539
1	RADVC	MNRADVC	0.936	0.059
2	CADVC	CADVC	0.467	0.467
2	ATC	ATC	0.878	0.878
2	NATC	ATC	0.992	0.004
2	CADVC	CCSADVC	0.507	0.311
2	ATC	ATC	0.620	0.620
2	ATC	ATC	0.995	0.995
2	NATC	ATC	0.763	0.213
2	AC	AC	0.828	0.828
1	CMBS	CMBS	0.938	0.938
2	AC	AC	0.580	0.580
1	SS	SS	0.478	0.478
2	SC	SC	0.464	0.464
2	RADVC	RADVC	0.562	0.562
2	ATC	ATC	0.921	0.921
2	CMBS	CCSADVC	0.643	0.046
2	CCSADVC	CCSADVC	0.991	0.991
1	CMCS	CMBS	0.729	0.001
3	ATC	ATC	0.953	0.953
2	NATC	ATC	0.997	0.003
1	WADVC	AC	0.614	0.335
2	ATC	ATC	0.932	0.932
2	CMFS	PADVC	0.828	0.027
2	RADVC	MNRADVC	0.973	0.015
2	CADVC	CADVC	0.472	0.472
3	AC	PC	0.450	0.317
1	ATC	NATC	0.879	0.120
2	PC	PC	0.454	0.454
2	AC	OC	0.436	0.435
2	OC	ATC	0.537	0.219
2	CCSADVC	CCSADVC	0.989	0.989
2	TADVC	TADVC	0.908	0.908
2	TADVC	TADVC	0.363	0.363
2	CMFS	CMFS	0.722	0.722
2	RSLADVC	ATC	0.767	0.011
2	NATC	ATC	0.951	0.037
2	SC	SC	0.595	0.595
2	ATC	NATC	0.937	0.032
2	NATC	ATC	0.933	0.049
1	SS	SS	0.773	0.773
2	OC	OC	0.905	0.905
2	CCSADVC	CCSADVC	0.896	0.896
2	CMBS	TADVC	0.526	0.012
2	ATC	ATC	0.722	0.722
1	SC	SC	0.915	0.915
2	AC	ATC	0.597	0.035
2	ATC	ATC	0.767	0.767
2	CCSADVC	CCSADVC	0.725	0.725
2	TADVC	ATC	0.498	0.040
1	SS	SS	0.862	0.862
1	ATC	NATC	0.974	0.026
2	ATC	ATC	0.999	0.999
1	OC	ATC	0.340	0.190
2	TADVC	TADVC	0.439	0.439
3	AC	ATC	0.618	0.168
2	ATC	ATC	0.990	0.990
1	SS	SS	0.355	0.355
2	OC	AC	0.260	0.162
1	ATC	NATC	0.981	0.008
2	RADVC	MNRADVC	0.957	0.011
2	CCSADVC	CCSADVC	0.614	0.614
2	ATC	ATC	0.867	0.867
2	MNRADVC	RADVC	0.219	0.103
2	MNRADVC	RADVC	0.949	0.012
2	TADVC	TADVC	0.494	0.494
2	OC	OC	0.502	0.502
2	CMFS	CMFS	0.237	0.237
2	CADVC	ATC	0.414	0.093
1	OC	WADVC	0.491	0.192
1	PC	PC	0.732	0.732
2	ATC	AC	0.386	0.181
