2	PC	PC	0.967	0.967
2	ATC	NATC	0.974	0.006
2	PC	PC	0.998	0.998
2	AC	AC	0.486	0.486
2	CADVC	TADVC	0.396	0.017
2	CMBS	CMPADVC	0.381	0.012
2	CMPADVC	PADVC	0.972	0.009
2	AC	AC	0.480	0.480
2	TADVC	ATC	0.846	0.149
2	RADVC	MNRADVC	0.969	0.014
2	ATC	ATC	0.554	0.554
2	NATC	ATC	0.942	0.026
2	CCSADVC	TADVC	0.508	0.374
2	PC	RADVC	0.271	0.020
2	PC	RADVC	0.425	0.136
2	CCSADVC	CCSADVC	0.993	0.993
2	CMPADVC	PADVC	0.945	0.016
2	ATC	NATC	0.977	0.023
1	WADVC	WADVC	0.979	0.979
2	PADVC	PADVC	0.401	0.401
1	ATC	ATC	0.839	0.839
1	SS	SS	0.403	0.403
2	OC	OC	0.570	0.570
2	PADVC	PADVC	0.368	0.368
1	AC	AC	0.539	0.539
2	SC	PC	0.365	0.139
2	TADVC	TADVC	0.828	0.828
2	ATC	ATC	0.925	0.925
2	ATC	ATC	0.929	0.929
2	MNRADVC	RADVC	0.958	0.007
2	CMPADVC	PADVC	0.981	0.008
2	CCSADVC	CCSADVC	0.995	0.995
2	OC	ATC	0.334	0.083
2	SC	SC	0.713	0.713
3	PC	PC	0.975	0.975
2	SC	SC	0.965	0.965
2	PADVC	CMPADVC	0.960	0.022
2	PADVC	CMPADVC	0.959	0.017
1	ATC	AC	0.701	0.260
2	OC	CCSADVC	0.462	0.291
2	CADVC	CADVC	0.944	0.944
2	ATC	ATC	0.955	0.955
2	ATC	ATC	0.921	0.921
2	CCSADVC	CCSADVC	0.982	0.982
3	SC	OC	0.390	0.298
1	WADVC	AC	0.665	0.283
2	WADVC	WADVC	0.566	0.566
2	PADVC	PADVC	0.831	0.831
2	PC	RADVC	0.588	0.004
2	ATC	NATC	0.989	0.006
2	TADVC	CMFS	0.251	0.181
2	OC	AC	0.232	0.148
2	PC	PC	0.899	0.899
2	MNRADVC	RADVC	0.873	0.106
1	ATC	NATC	0.493	0.489
2	RADVC	MNRADVC	0.972	0.007
1	SS	SS	0.755	0.755
2	CCSADVC	CCSADVC	0.997	0.997
1	AC	ATC	0.485	0.177
2	ATC	ATC	0.983	0.983
1	NATC	NATC	0.439	0.439
2	CMPADVC	PADVC	0.962	0.026
2	PADVC	ATC	0.326	0.268
1	NATC	ATC	0.976	0.020
2	NATC	ATC	0.977	0.014
2	CCSADVC	CCSADVC	0.964	0.964
2	CCSADVC	CCSADVC	0.984	0.984
2	CMPADVC	PADVC	0.953	0.005
2	CCSADVC	CCSADVC	0.986	0.986
2	CCSADVC	CCSADVC	0.972	0.972
2	TADVC	TADVC	0.332	0.332
1	ATC	ATC	0.987	0.987
2	CADVC	CADVC	0.485	0.485
2	PADVC	CMPADVC	0.934	0.006
2	ATC	ATC	0.978	0.978
1	CMAS	CMAS	0.250	0.250
2	ATC	ATC	0.998	0.998
2	CMAS	CMAS	0.840	0.840
1	CMAS	CMAS	0.882	0.882
2	WADVC	ATC	0.850	0.095
2	ATC	ATC	0.499	0.499
3	CCSADVC	CCSADVC	0.955	0.955
2	PC	PC	0.672	0.672
1	TADVC	ATC	0.386	0.046
2	RADVC	RADVC	0.480	0.480
2	RADVC	MNRADVC	0.930	0.000
1	ATC	NATC	0.439	0.314
2	PC	SC	0.513	0.280
2	RADVC	RADVC	0.891	0.891
1	ATC	NATC	0.947	0.051
2	AC	OC	0.680	0.093
2	TADVC	TADVC	0.959	0.959
2	RSLADVC	PADVC	0.275	0.213
2	CADVC	CADVC	0.953	0.953
1	SC	SC	0.999	0.999
2	WADVC	OC	0.493	0.114
2	ATC	ATC	0.994	0.994
3	ATC	ATC	0.902	0.902
2	CMFS	CMFS	0.772	0.772
2	RADVC	MNRADVC	0.960	0.004
1	SS	SS	0.657	0.657
1	ATC	ATC	0.829	0.829
2	OC	AC	0.763	0.112
2	AC	ATC	0.764	0.031
2	PADVC	TADVC	0.289	0.013
1	SC	SC	0.893	0.893
2	ATC	NATC	0.971	0.027
2	ATC	ATC	0.957	0.957
2	WADVC	ATC	0.455	0.295
2	ATC	ATC	0.965	0.965
1	OC	OC	0.977	0.977
1	NATC	ATC	0.992	0.008
2	PADVC	CMPADVC	0.948	0.002
2	CCSADVC	CCSADVC	0.592	0.592
2	ATC	NATC	0.982	0.017
2	AC	OC	0.777	0.091
2	RADVC	RADVC	0.945	0.945
2	OC	OC	0.261	0.261
2	PADVC	PADVC	0.235	0.235
2	ATC	NATC	0.972	0.028
3	AC	AC	0.617	0.617
2	NATC	ATC	0.960	0.022
3	ATC	ATC	0.800	0.800
2	SC	SC	0.852	0.852
2	PC	PC	0.506	0.506
2	CMFS	CMFS	0.585	0.585
2	AC	ATC	0.922	0.065
2	AC	PADVC	0.879	0.006
1	SC	SC	0.805	0.805
2	RADVC	TADVC	0.506	0.346
2	ATC	ATC	0.768	0.768
1	NATC	ATC	0.990	0.010
1	SC	SC	0.973	0.973
2	PADVC	PADVC	0.929	0.929
2	WADVC	SC	0.434	0.398
1	CMBS	CMBS	0.848	0.848
1	CMPADVC	PADVC	0.966	0.009
2	ATC	ATC	0.993	0.993
2	CCSADVC	TADVC	0.249	0.153
1	CADVC	CADVC	0.563	0.563
2	CCSADVC	WADVC	0.271	0.215
2	CADVC	CADVC	0.678	0.678
2	TADVC	TADVC	0.922	0.922
2	ATC	ATC	0.950	0.950
2	ATC	ATC	0.994	0.994
2	CADVC	CADVC	0.948	0.948
1	ATC	ATC	0.999	0.999
2	ATC	ATC	0.999	0.999
2	CMFS	TADVC	0.486	0.075
2	ATC	ATC	1.000	1.000
2	RADVC	CCSADVC	0.621	0.211
2	CADVC	CADVC	0.990	0.990
2	PC	PC	0.522	0.522
1	ATC	ATC	0.984	0.984
2	CCSADVC	CCSADVC	0.567	0.567
3	CMAS	CMAS	0.906	0.906
2	CADVC	CADVC	0.546	0.546
2	RADVC	MNRADVC	0.957	0.006
3	PC	PC	0.998	0.998
1	ATC	NATC	0.990	0.010
